<?xml version="1.0" encoding="UTF-8"?>
<testsuite xmlns:xsi="http://www.w3.org/2001/XMLSchema-instance" xsi:noNamespaceSchemaLocation="https://maven.apache.org/surefire/maven-surefire-plugin/xsd/surefire-test-report.xsd" name="com.aline.transactionmicroservice.ApiIntegrationTest" time="8.974" tests="13" errors="13" skipped="0" failures="0">
  <properties>
[...]
</properties>
  <testcase name="healthCheckTest" classname="com.aline.transactionmicroservice.ApiIntegrationTest" time="0.203">
    <error message="Failed to execute SQL script statement #14 of class path resource [scripts/transactions.sql]: insert into transaction (id, type, method, amount, date, account_id, initial_balance, posted_balance, status, merchant_code, state, description) values (1, &apos;WITHDRAWAL&apos;, &apos;ACH&apos;, 10000, &apos;2021-08-01&apos;, 1, 100000, 90000, &apos;APPROVED&apos;, &apos;ALINE&apos;, &apos;POSTED&apos;, &apos;Batman is Bruce Wayne.&apos;); nested exception is org.h2.jdbc.JdbcSQLIntegrityConstraintViolationException: Referential integrity constraint violation: &quot;FKSC1MS700FJXQYQ0J4555UC28A: PUBLIC.TRANSACTION FOREIGN KEY(MERCHANT_CODE) REFERENCES PUBLIC.MERCHANT(CODE) (&apos;ALINE&apos;)&quot;; SQL statement:&#10;insert into transaction (id, type, method, amount, date, account_id, initial_balance, posted_balance, status, merchant_code, state, description) values (1, &apos;WITHDRAWAL&apos;, &apos;ACH&apos;, 10000, &apos;2021-08-01&apos;, 1, 100000, 90000, &apos;APPROVED&apos;, &apos;ALINE&apos;, &apos;POSTED&apos;, &apos;Batman is Bruce Wayne.&apos;) [23506-200]" type="org.springframework.jdbc.datasource.init.ScriptStatementFailedException">org.springframework.jdbc.datasource.init.ScriptStatementFailedException: 
Failed to execute SQL script statement #14 of class path resource [scripts/transactions.sql]: insert into transaction (id, type, method, amount, date, account_id, initial_balance, posted_balance, status, merchant_code, state, description) values (1, 'WITHDRAWAL', 'ACH', 10000, '2021-08-01', 1, 100000, 90000, 'APPROVED', 'ALINE', 'POSTED', 'Batman is Bruce Wayne.'); nested exception is org.h2.jdbc.JdbcSQLIntegrityConstraintViolationException: Referential integrity constraint violation: "FKSC1MS700FJXQYQ0J4555UC28A: PUBLIC.TRANSACTION FOREIGN KEY(MERCHANT_CODE) REFERENCES PUBLIC.MERCHANT(CODE) ('ALINE')"; SQL statement:
insert into transaction (id, type, method, amount, date, account_id, initial_balance, posted_balance, status, merchant_code, state, description) values (1, 'WITHDRAWAL', 'ACH', 10000, '2021-08-01', 1, 100000, 90000, 'APPROVED', 'ALINE', 'POSTED', 'Batman is Bruce Wayne.') [23506-200]
Caused by: org.h2.jdbc.JdbcSQLIntegrityConstraintViolationException: 
Referential integrity constraint violation: "FKSC1MS700FJXQYQ0J4555UC28A: PUBLIC.TRANSACTION FOREIGN KEY(MERCHANT_CODE) REFERENCES PUBLIC.MERCHANT(CODE) ('ALINE')"; SQL statement:
insert into transaction (id, type, method, amount, date, account_id, initial_balance, posted_balance, status, merchant_code, state, description) values (1, 'WITHDRAWAL', 'ACH', 10000, '2021-08-01', 1, 100000, 90000, 'APPROVED', 'ALINE', 'POSTED', 'Batman is Bruce Wayne.') [23506-200]
</error>
    <system-out><![CDATA[14:21:50.842 [main] DEBUG org.springframework.test.context.BootstrapUtils - Instantiating CacheAwareContextLoaderDelegate from class [org.springframework.test.context.cache.DefaultCacheAwareContextLoaderDelegate]
14:21:50.862 [main] DEBUG org.springframework.test.context.BootstrapUtils - Instantiating BootstrapContext using constructor [public org.springframework.test.context.support.DefaultBootstrapContext(java.lang.Class,org.springframework.test.context.CacheAwareContextLoaderDelegate)]
14:21:50.921 [main] DEBUG org.springframework.test.context.BootstrapUtils - Instantiating TestContextBootstrapper for test class [com.aline.transactionmicroservice.ApiIntegrationTest] from class [org.springframework.boot.test.context.SpringBootTestContextBootstrapper]
14:21:50.936 [main] INFO org.springframework.boot.test.context.SpringBootTestContextBootstrapper - Neither @ContextConfiguration nor @ContextHierarchy found for test class [com.aline.transactionmicroservice.ApiIntegrationTest], using SpringBootContextLoader
14:21:50.941 [main] DEBUG org.springframework.test.context.support.AbstractContextLoader - Did not detect default resource location for test class [com.aline.transactionmicroservice.ApiIntegrationTest]: class path resource [com/aline/transactionmicroservice/ApiIntegrationTest-context.xml] does not exist
14:21:50.942 [main] DEBUG org.springframework.test.context.support.AbstractContextLoader - Did not detect default resource location for test class [com.aline.transactionmicroservice.ApiIntegrationTest]: class path resource [com/aline/transactionmicroservice/ApiIntegrationTestContext.groovy] does not exist
14:21:50.942 [main] INFO org.springframework.test.context.support.AbstractContextLoader - Could not detect default resource locations for test class [com.aline.transactionmicroservice.ApiIntegrationTest]: no resource found for suffixes {-context.xml, Context.groovy}.
14:21:50.943 [main] DEBUG org.springframework.test.context.support.AnnotationConfigContextLoaderUtils - Ignoring class [com.aline.transactionmicroservice.ApiIntegrationTest$TransferFundsTests]; it must be static, non-private, non-final, and annotated with @Configuration to be considered a default configuration class.
14:21:50.943 [main] DEBUG org.springframework.test.context.support.AnnotationConfigContextLoaderUtils - Ignoring class [com.aline.transactionmicroservice.ApiIntegrationTest$SearchTransactionsTest]; it must be static, non-private, non-final, and annotated with @Configuration to be considered a default configuration class.
14:21:50.943 [main] INFO org.springframework.test.context.support.AnnotationConfigContextLoaderUtils - Could not detect default configuration classes for test class [com.aline.transactionmicroservice.ApiIntegrationTest]: ApiIntegrationTest does not declare any static, non-private, non-final, nested classes annotated with @Configuration.
14:21:51.097 [main] DEBUG org.springframework.context.annotation.ClassPathScanningCandidateComponentProvider - Identified candidate component class: file [D:\aline\transaction-microservice\transaction-microservice\target\classes\com\aline\transactionmicroservice\TransactionMicroserviceApplication.class]
14:21:51.098 [main] INFO org.springframework.boot.test.context.SpringBootTestContextBootstrapper - Found @SpringBootConfiguration com.aline.transactionmicroservice.TransactionMicroserviceApplication for test class com.aline.transactionmicroservice.ApiIntegrationTest
14:21:51.260 [main] DEBUG org.springframework.boot.test.context.SpringBootTestContextBootstrapper - @TestExecutionListeners is not present for class [com.aline.transactionmicroservice.ApiIntegrationTest]: using defaults.
14:21:51.261 [main] INFO org.springframework.boot.test.context.SpringBootTestContextBootstrapper - Loaded default TestExecutionListener class names from location [META-INF/spring.factories]: [org.springframework.boot.test.mock.mockito.MockitoTestExecutionListener, org.springframework.boot.test.mock.mockito.ResetMocksTestExecutionListener, org.springframework.boot.test.autoconfigure.restdocs.RestDocsTestExecutionListener, org.springframework.boot.test.autoconfigure.web.client.MockRestServiceServerResetTestExecutionListener, org.springframework.boot.test.autoconfigure.web.servlet.MockMvcPrintOnlyOnFailureTestExecutionListener, org.springframework.boot.test.autoconfigure.web.servlet.WebDriverTestExecutionListener, org.springframework.boot.test.autoconfigure.webservices.client.MockWebServiceServerTestExecutionListener, org.springframework.test.context.web.ServletTestExecutionListener, org.springframework.test.context.support.DirtiesContextBeforeModesTestExecutionListener, org.springframework.test.context.event.ApplicationEventsTestExecutionListener, org.springframework.test.context.support.DependencyInjectionTestExecutionListener, org.springframework.test.context.support.DirtiesContextTestExecutionListener, org.springframework.test.context.transaction.TransactionalTestExecutionListener, org.springframework.test.context.jdbc.SqlScriptsTestExecutionListener, org.springframework.test.context.event.EventPublishingTestExecutionListener, org.springframework.security.test.context.support.WithSecurityContextTestExecutionListener, org.springframework.security.test.context.support.ReactorContextTestExecutionListener]
14:21:51.288 [main] INFO org.springframework.boot.test.context.SpringBootTestContextBootstrapper - Using TestExecutionListeners: [org.springframework.test.context.web.ServletTestExecutionListener@c6c82aa, org.springframework.test.context.support.DirtiesContextBeforeModesTestExecutionListener@2e179f3e, org.springframework.test.context.event.ApplicationEventsTestExecutionListener@16e7b402, org.springframework.boot.test.mock.mockito.MockitoTestExecutionListener@534c6767, org.springframework.boot.test.autoconfigure.SpringBootDependencyInjectionTestExecutionListener@3bddc676, org.springframework.test.context.support.DirtiesContextTestExecutionListener@29a1505c, org.springframework.test.context.transaction.TransactionalTestExecutionListener@24db6ce, org.springframework.test.context.jdbc.SqlScriptsTestExecutionListener@320a8ebf, org.springframework.test.context.event.EventPublishingTestExecutionListener@67b100fe, org.springframework.security.test.context.support.WithSecurityContextTestExecutionListener@44b18fe4, org.springframework.security.test.context.support.ReactorContextTestExecutionListener@2ba5aa7a, org.springframework.boot.test.mock.mockito.ResetMocksTestExecutionListener@4d3ca6c7, org.springframework.boot.test.autoconfigure.restdocs.RestDocsTestExecutionListener@22e5f96e, org.springframework.boot.test.autoconfigure.web.client.MockRestServiceServerResetTestExecutionListener@6a638c79, org.springframework.boot.test.autoconfigure.web.servlet.MockMvcPrintOnlyOnFailureTestExecutionListener@6c931d35, org.springframework.boot.test.autoconfigure.web.servlet.WebDriverTestExecutionListener@44b194fe, org.springframework.boot.test.autoconfigure.webservices.client.MockWebServiceServerTestExecutionListener@49122b8f]
14:21:51.293 [main] DEBUG org.springframework.test.context.support.AbstractDirtiesContextTestExecutionListener - Before test class: context [DefaultTestContext@7915bca3 testClass = ApiIntegrationTest, testInstance = [null], testMethod = [null], testException = [null], mergedContextConfiguration = [WebMergedContextConfiguration@68d651f2 testClass = ApiIntegrationTest, locations = '{}', classes = '{class com.aline.transactionmicroservice.TransactionMicroserviceApplication}', contextInitializerClasses = '[]', activeProfiles = '{test}', propertySourceLocations = '{}', propertySourceProperties = '{app.security.disable-web-security=true, org.springframework.boot.test.context.SpringBootTestContextBootstrapper=true}', contextCustomizers = set[[ImportsContextCustomizer@3ad4a7d6 key = [org.springframework.boot.test.autoconfigure.web.servlet.MockMvcAutoConfiguration, org.springframework.boot.test.autoconfigure.web.servlet.MockMvcWebClientAutoConfiguration, org.springframework.boot.test.autoconfigure.web.servlet.MockMvcWebDriverAutoConfiguration, org.springframework.boot.autoconfigure.security.oauth2.client.servlet.OAuth2ClientAutoConfiguration, org.springframework.boot.autoconfigure.security.oauth2.resource.servlet.OAuth2ResourceServerAutoConfiguration, org.springframework.boot.autoconfigure.security.servlet.SecurityAutoConfiguration, org.springframework.boot.autoconfigure.security.servlet.SecurityFilterAutoConfiguration, org.springframework.boot.autoconfigure.security.servlet.UserDetailsServiceAutoConfiguration, org.springframework.boot.test.autoconfigure.web.servlet.MockMvcSecurityConfiguration]], org.springframework.boot.test.context.filter.ExcludeFilterContextCustomizer@22175d4f, org.springframework.boot.test.json.DuplicateJsonObjectContextCustomizerFactory$DuplicateJsonObjectContextCustomizer@236ab296, org.springframework.boot.test.mock.mockito.MockitoContextCustomizer@0, org.springframework.boot.test.web.client.TestRestTemplateContextCustomizer@328572f0, org.springframework.boot.test.autoconfigure.actuate.metrics.MetricsExportContextCustomizerFactory$DisableMetricExportContextCustomizer@88a8218, org.springframework.boot.test.autoconfigure.properties.PropertyMappingContextCustomizer@4b3fa0b3, org.springframework.boot.test.autoconfigure.web.servlet.WebDriverContextCustomizerFactory$Customizer@6df20ade, org.springframework.boot.test.context.SpringBootTestArgs@1, org.springframework.boot.test.context.SpringBootTestWebEnvironment@ea6147e], resourceBasePath = 'src/main/webapp', contextLoader = 'org.springframework.boot.test.context.SpringBootContextLoader', parent = [null]], attributes = map['org.springframework.test.context.web.ServletTestExecutionListener.activateListener' -> true]], class annotated with @DirtiesContext [false] with mode [null].
14:21:51.342 [main] DEBUG org.springframework.core.env.StandardEnvironment - Activating profiles [test]
14:21:51.348 [main] DEBUG org.springframework.test.context.support.TestPropertySourceUtils - Adding inlined properties to environment: {spring.jmx.enabled=false, app.security.disable-web-security=true, org.springframework.boot.test.context.SpringBootTestContextBootstrapper=true}

  .   ____          _            __ _ _
 /\\ / ___'_ __ _ _(_)_ __  __ _ \ \ \ \
( ( )\___ | '_ | '_| | '_ \/ _` | \ \ \ \
 \\/  ___)| |_)| | | | | || (_| |  ) ) ) )
  '  |____| .__|_| |_|_| |_\__, | / / / /
 =========|_|==============|___/=/_/_/_/
 :: Spring Boot ::                (v2.4.8)

2022-01-03 14:21:51.798  INFO 30336 --- [           main] c.a.t.ApiIntegrationTest                 : Starting ApiIntegrationTest using Java 17.0.1 on DESKTOP-IV8NK51 with PID 30336 (started by Kevin in D:\aline\transaction-microservice\transaction-microservice)
2022-01-03 14:21:51.799  INFO 30336 --- [           main] c.a.t.ApiIntegrationTest                 : The following profiles are active: test
2022-01-03 14:21:53.084  INFO 30336 --- [           main] .s.d.r.c.RepositoryConfigurationDelegate : Bootstrapping Spring Data JPA repositories in DEFAULT mode.
2022-01-03 14:21:53.202  INFO 30336 --- [           main] .s.d.r.c.RepositoryConfigurationDelegate : Finished Spring Data repository scanning in 110 ms. Found 14 JPA repository interfaces.
2022-01-03 14:21:53.861  INFO 30336 --- [           main] o.hibernate.jpa.internal.util.LogHelper  : HHH000204: Processing PersistenceUnitInfo [name: default]
2022-01-03 14:21:53.937  INFO 30336 --- [           main] org.hibernate.Version                    : HHH000412: Hibernate ORM core version 5.4.32.Final
2022-01-03 14:21:54.101  INFO 30336 --- [           main] o.hibernate.annotations.common.Version   : HCANN000001: Hibernate Commons Annotations {5.1.2.Final}
2022-01-03 14:21:54.305  INFO 30336 --- [           main] com.zaxxer.hikari.HikariDataSource       : HikariPool-1 - Starting...
2022-01-03 14:21:54.586  INFO 30336 --- [           main] com.zaxxer.hikari.HikariDataSource       : HikariPool-1 - Start completed.
2022-01-03 14:21:54.610  INFO 30336 --- [           main] org.hibernate.dialect.Dialect            : HHH000400: Using dialect: org.hibernate.dialect.H2Dialect
Hibernate: drop table if exists account CASCADE 
Hibernate: drop table if exists account_holder CASCADE 
Hibernate: drop table if exists applicant CASCADE 
Hibernate: drop table if exists application CASCADE 
Hibernate: drop table if exists application_applicant CASCADE 
Hibernate: drop table if exists bank CASCADE 
Hibernate: drop table if exists branch CASCADE 
Hibernate: drop table if exists member CASCADE 
Hibernate: drop table if exists merchant CASCADE 
Hibernate: drop table if exists one_time_passcode CASCADE 
Hibernate: drop table if exists transaction CASCADE 
Hibernate: drop table if exists user CASCADE 
Hibernate: drop table if exists user_avatar CASCADE 
Hibernate: drop table if exists user_registration_token CASCADE 
Hibernate: drop sequence if exists account_sequence
Hibernate: drop sequence if exists otp_sequence
Hibernate: create sequence account_sequence start with 1 increment by 50
Hibernate: create sequence otp_sequence start with 1 increment by 1
Hibernate: create table account (account_type varchar(31) not null, id bigint not null, account_number varchar(255), balance integer not null, status varchar(255), available_balance integer, apy float, primary_account_holder_id bigint not null, primary key (id))
Hibernate: create table account_holder (member_id bigint not null, account_id bigint not null, primary key (member_id, account_id))
Hibernate: create table applicant (id bigint generated by default as identity, address varchar(255) not null, city varchar(255) not null, created_at timestamp, date_of_birth date not null, drivers_license varchar(255) not null, email varchar(255) not null, first_name varchar(255) not null, gender varchar(255) not null, income integer not null check (income>=0), last_modified_at timestamp, last_name varchar(255) not null, mailing_address varchar(255) not null, mailing_city varchar(255) not null, mailing_state varchar(255) not null, mailing_zipcode varchar(255) not null, middle_name varchar(255), phone varchar(255) not null, social_security varchar(255) not null, state varchar(255) not null, zipcode varchar(255) not null, primary key (id))
Hibernate: create table application (id bigint generated by default as identity, application_status varchar(255) not null, application_type varchar(255) not null, primary_applicant_id bigint not null, primary key (id))
Hibernate: create table application_applicant (application_id bigint not null, applicant_id bigint not null, primary key (application_id, applicant_id))
Hibernate: create table bank (id bigint generated by default as identity, address varchar(255) not null, city varchar(255) not null, routing_number varchar(9) not null, state varchar(255) not null, zipcode varchar(255), primary key (id))
Hibernate: create table branch (id bigint generated by default as identity, address varchar(255) not null, city varchar(255) not null, name varchar(255) not null, phone varchar(255), state varchar(255), zipcode varchar(255), bank_id bigint, primary key (id))
Hibernate: create table member (id bigint generated by default as identity, membership_id varchar(255), applicant_id bigint not null, branch_id bigint not null, primary key (id))
Hibernate: create table merchant (code varchar(8) not null, address varchar(255), city varchar(255), description varchar(255), name varchar(150) not null, registered_at timestamp, state varchar(255), zipcode varchar(255), primary key (code))
Hibernate: create table one_time_passcode (id integer not null, checked boolean not null, otp varchar(255), user_id bigint not null, primary key (id))
Hibernate: create table transaction (id bigint generated by default as identity, amount integer not null, created timestamp, date timestamp not null, description varchar(255), initial_balance integer not null, last_modified timestamp, method varchar(255) not null, posted_balance integer, state varchar(255) not null, status varchar(255) not null, type varchar(255) not null, account_id bigint not null, merchant_code varchar(255), primary key (id))
Hibernate: create table user (role varchar(31) not null, id bigint generated by default as identity, enabled boolean not null, password varchar(255) not null, username varchar(255) not null, email varchar(255), first_name varchar(255), last_name varchar(255), phone varchar(255), member_id bigint, primary key (id))
Hibernate: create table user_avatar (id bigint not null, pic blob, primary key (id))
Hibernate: create table user_registration_token (token varchar(255) not null, created timestamp, expiration_delay bigint not null, user_id bigint not null, primary key (token))
Hibernate: alter table account add constraint UK_66gkcp94endmotfwb8r4ocxm9 unique (account_number)
Hibernate: alter table applicant add constraint UK_g8sypjb2jlijcs4k2ga9xf3w3 unique (drivers_license)
Hibernate: alter table applicant add constraint UK_6iduje2h6ggdlnmevw2mvolfx unique (email)
Hibernate: alter table applicant add constraint UK_s4gkylihid0qmetrspjnnvy4h unique (phone)
Hibernate: alter table applicant add constraint UK_5p56ol6x0k8os5qytfdswas4u unique (social_security)
Hibernate: alter table branch add constraint UK_243da5619wvedk7ah55d50tph unique (phone)
Hibernate: alter table member add constraint UK_s9bjipf16bofq8s92fj484x7e unique (applicant_id)
Hibernate: alter table member add constraint UK_hwbt6hiajpf0qtgxwhlmahbcx unique (membership_id)
Hibernate: alter table one_time_passcode add constraint UK_7h269l2tqwy5woq1uwxqpu9lb unique (user_id)
Hibernate: alter table user_registration_token add constraint UK_qf9m08d1bd11csrr3poot0jgd unique (user_id)
Hibernate: alter table account add constraint FK8mr193rmld8wwqn5nlbr8vclx foreign key (primary_account_holder_id) references member
Hibernate: alter table account_holder add constraint FKn4212xs4wsfh8cfj9rddju6ic foreign key (account_id) references account
Hibernate: alter table account_holder add constraint FKg06e1tl3h06l29ok6lc09l0xh foreign key (member_id) references member
Hibernate: alter table application add constraint FKny8me56a33jdg423v5n7j5fpx foreign key (primary_applicant_id) references applicant
Hibernate: alter table application_applicant add constraint FK3iabmdimkfk9q1s3vg0s8hc1q foreign key (applicant_id) references applicant
Hibernate: alter table application_applicant add constraint FKahrhusgia8sp6xy44fbjhc1po foreign key (application_id) references application
Hibernate: alter table branch add constraint FKpolhgo6c86h7rrcwvg3hqm32l foreign key (bank_id) references bank
Hibernate: alter table member add constraint FKmhn91ma4lb6uiy6n1ao6tbwkj foreign key (applicant_id) references applicant
Hibernate: alter table member add constraint FK1uj76dnpxoa9i8afaaslycb59 foreign key (branch_id) references branch
Hibernate: alter table one_time_passcode add constraint FKb8d16b0xvwqnabfyxk2kss9aj foreign key (user_id) references user
Hibernate: alter table transaction add constraint FK6g20fcr3bhr6bihgy24rq1r1b foreign key (account_id) references account
Hibernate: alter table transaction add constraint FKsc1ms700fjxqyq0j4555uc28a foreign key (merchant_code) references merchant
Hibernate: alter table user add constraint FKtcx8a5i8q7mmh7xl2fi44o8v2 foreign key (member_id) references member
Hibernate: alter table user_registration_token add constraint FKgl6uc7145cqyd47qst0glqwmv foreign key (user_id) references user
2022-01-03 14:21:55.945  INFO 30336 --- [           main] o.h.e.t.j.p.i.JtaPlatformInitiator       : HHH000490: Using JtaPlatform implementation: [org.hibernate.engine.transaction.jta.platform.internal.NoJtaPlatform]
2022-01-03 14:21:55.953  INFO 30336 --- [           main] j.LocalContainerEntityManagerFactoryBean : Initialized JPA EntityManagerFactory for persistence unit 'default'
2022-01-03 14:21:57.648  WARN 30336 --- [           main] JpaBaseConfiguration$JpaWebConfiguration : spring.jpa.open-in-view is enabled by default. Therefore, database queries may be performed during view rendering. Explicitly configure spring.jpa.open-in-view to disable this warning
2022-01-03 14:21:59.276  INFO 30336 --- [           main] o.s.b.t.m.w.SpringBootMockServletContext : Initializing Spring TestDispatcherServlet ''
2022-01-03 14:21:59.276  INFO 30336 --- [           main] o.s.t.web.servlet.TestDispatcherServlet  : Initializing Servlet ''
2022-01-03 14:21:59.284  INFO 30336 --- [           main] o.s.b.a.e.web.EndpointLinksResolver      : Exposing 2 endpoint(s) beneath base path '/actuator'
2022-01-03 14:21:59.303  INFO 30336 --- [           main] o.s.t.web.servlet.TestDispatcherServlet  : Completed initialization in 27 ms
2022-01-03 14:21:59.343  INFO 30336 --- [           main] c.a.t.ApiIntegrationTest                 : Started ApiIntegrationTest in 7.987 seconds (JVM running for 9.415)
2022-01-03 14:21:59.381  INFO 30336 --- [           main] o.s.t.c.transaction.TransactionContext   : Began transaction (1) for test context [DefaultTestContext@7915bca3 testClass = ApiIntegrationTest, testInstance = com.aline.transactionmicroservice.ApiIntegrationTest@c887298, testMethod = healthCheckTest@ApiIntegrationTest, testException = [null], mergedContextConfiguration = [WebMergedContextConfiguration@68d651f2 testClass = ApiIntegrationTest, locations = '{}', classes = '{class com.aline.transactionmicroservice.TransactionMicroserviceApplication}', contextInitializerClasses = '[]', activeProfiles = '{test}', propertySourceLocations = '{}', propertySourceProperties = '{app.security.disable-web-security=true, org.springframework.boot.test.context.SpringBootTestContextBootstrapper=true}', contextCustomizers = set[[ImportsContextCustomizer@3ad4a7d6 key = [org.springframework.boot.test.autoconfigure.web.servlet.MockMvcAutoConfiguration, org.springframework.boot.test.autoconfigure.web.servlet.MockMvcWebClientAutoConfiguration, org.springframework.boot.test.autoconfigure.web.servlet.MockMvcWebDriverAutoConfiguration, org.springframework.boot.autoconfigure.security.oauth2.client.servlet.OAuth2ClientAutoConfiguration, org.springframework.boot.autoconfigure.security.oauth2.resource.servlet.OAuth2ResourceServerAutoConfiguration, org.springframework.boot.autoconfigure.security.servlet.SecurityAutoConfiguration, org.springframework.boot.autoconfigure.security.servlet.SecurityFilterAutoConfiguration, org.springframework.boot.autoconfigure.security.servlet.UserDetailsServiceAutoConfiguration, org.springframework.boot.test.autoconfigure.web.servlet.MockMvcSecurityConfiguration]], org.springframework.boot.test.context.filter.ExcludeFilterContextCustomizer@22175d4f, org.springframework.boot.test.json.DuplicateJsonObjectContextCustomizerFactory$DuplicateJsonObjectContextCustomizer@236ab296, org.springframework.boot.test.mock.mockito.MockitoContextCustomizer@0, org.springframework.boot.test.web.client.TestRestTemplateContextCustomizer@328572f0, org.springframework.boot.test.autoconfigure.actuate.metrics.MetricsExportContextCustomizerFactory$DisableMetricExportContextCustomizer@88a8218, org.springframework.boot.test.autoconfigure.properties.PropertyMappingContextCustomizer@4b3fa0b3, org.springframework.boot.test.autoconfigure.web.servlet.WebDriverContextCustomizerFactory$Customizer@6df20ade, org.springframework.boot.test.context.SpringBootTestArgs@1, org.springframework.boot.test.context.SpringBootTestWebEnvironment@ea6147e], resourceBasePath = 'src/main/webapp', contextLoader = 'org.springframework.boot.test.context.SpringBootContextLoader', parent = [null]], attributes = map['org.springframework.test.context.web.ServletTestExecutionListener.activateListener' -> true, 'org.springframework.test.context.web.ServletTestExecutionListener.populatedRequestContextHolder' -> true, 'org.springframework.test.context.web.ServletTestExecutionListener.resetRequestContextHolder' -> true, 'org.springframework.test.context.event.ApplicationEventsTestExecutionListener.recordApplicationEvents' -> false]]; transaction manager [org.springframework.orm.jpa.JpaTransactionManager@17933d7d]; rollback [true]
2022-01-03 14:21:59.404  WARN 30336 --- [           main] o.s.test.context.TestContextManager      : Caught exception while invoking 'beforeTestMethod' callback on TestExecutionListener [org.springframework.test.context.jdbc.SqlScriptsTestExecutionListener@320a8ebf] for test method [void com.aline.transactionmicroservice.ApiIntegrationTest.healthCheckTest() throws java.lang.Exception] and test instance [com.aline.transactionmicroservice.ApiIntegrationTest@c887298]

org.springframework.jdbc.datasource.init.ScriptStatementFailedException: Failed to execute SQL script statement #14 of class path resource [scripts/transactions.sql]: insert into transaction (id, type, method, amount, date, account_id, initial_balance, posted_balance, status, merchant_code, state, description) values (1, 'WITHDRAWAL', 'ACH', 10000, '2021-08-01', 1, 100000, 90000, 'APPROVED', 'ALINE', 'POSTED', 'Batman is Bruce Wayne.'); nested exception is org.h2.jdbc.JdbcSQLIntegrityConstraintViolationException: Referential integrity constraint violation: "FKSC1MS700FJXQYQ0J4555UC28A: PUBLIC.TRANSACTION FOREIGN KEY(MERCHANT_CODE) REFERENCES PUBLIC.MERCHANT(CODE) ('ALINE')"; SQL statement:
insert into transaction (id, type, method, amount, date, account_id, initial_balance, posted_balance, status, merchant_code, state, description) values (1, 'WITHDRAWAL', 'ACH', 10000, '2021-08-01', 1, 100000, 90000, 'APPROVED', 'ALINE', 'POSTED', 'Batman is Bruce Wayne.') [23506-200]
	at org.springframework.jdbc.datasource.init.ScriptUtils.executeSqlScript(ScriptUtils.java:282) ~[spring-jdbc-5.3.8.jar:5.3.8]
	at org.springframework.jdbc.datasource.init.ResourceDatabasePopulator.populate(ResourceDatabasePopulator.java:254) ~[spring-jdbc-5.3.8.jar:5.3.8]
	at org.springframework.jdbc.datasource.init.DatabasePopulatorUtils.execute(DatabasePopulatorUtils.java:49) ~[spring-jdbc-5.3.8.jar:5.3.8]
	at org.springframework.jdbc.datasource.init.ResourceDatabasePopulator.execute(ResourceDatabasePopulator.java:269) ~[spring-jdbc-5.3.8.jar:5.3.8]
	at org.springframework.test.context.jdbc.SqlScriptsTestExecutionListener.lambda$executeSqlScripts$4(SqlScriptsTestExecutionListener.java:279) ~[spring-test-5.3.8.jar:5.3.8]
	at org.springframework.transaction.support.TransactionOperations.lambda$executeWithoutResult$0(TransactionOperations.java:68) ~[spring-tx-5.3.8.jar:5.3.8]
	at org.springframework.transaction.support.TransactionTemplate.execute(TransactionTemplate.java:140) ~[spring-tx-5.3.8.jar:5.3.8]
	at org.springframework.transaction.support.TransactionOperations.executeWithoutResult(TransactionOperations.java:67) ~[spring-tx-5.3.8.jar:5.3.8]
	at org.springframework.test.context.jdbc.SqlScriptsTestExecutionListener.executeSqlScripts(SqlScriptsTestExecutionListener.java:279) ~[spring-test-5.3.8.jar:5.3.8]
	at org.springframework.test.context.jdbc.SqlScriptsTestExecutionListener.lambda$executeSqlScripts$0(SqlScriptsTestExecutionListener.java:201) ~[spring-test-5.3.8.jar:5.3.8]
	at java.base/java.lang.Iterable.forEach(Iterable.java:75) ~[na:na]
	at org.springframework.test.context.jdbc.SqlScriptsTestExecutionListener.executeSqlScripts(SqlScriptsTestExecutionListener.java:201) ~[spring-test-5.3.8.jar:5.3.8]
	at org.springframework.test.context.jdbc.SqlScriptsTestExecutionListener.executeSqlScripts(SqlScriptsTestExecutionListener.java:148) ~[spring-test-5.3.8.jar:5.3.8]
	at org.springframework.test.context.jdbc.SqlScriptsTestExecutionListener.beforeTestMethod(SqlScriptsTestExecutionListener.java:118) ~[spring-test-5.3.8.jar:5.3.8]
	at org.springframework.test.context.TestContextManager.beforeTestMethod(TestContextManager.java:289) ~[spring-test-5.3.8.jar:5.3.8]
	at org.springframework.test.context.junit.jupiter.SpringExtension.beforeEach(SpringExtension.java:174) ~[spring-test-5.3.8.jar:5.3.8]
	at org.junit.jupiter.engine.descriptor.TestMethodTestDescriptor.lambda$invokeBeforeEachCallbacks$1(TestMethodTestDescriptor.java:159) ~[junit-jupiter-engine-5.7.2.jar:5.7.2]
	at org.junit.jupiter.engine.descriptor.TestMethodTestDescriptor.lambda$invokeBeforeMethodsOrCallbacksUntilExceptionOccurs$5(TestMethodTestDescriptor.java:195) ~[junit-jupiter-engine-5.7.2.jar:5.7.2]
	at org.junit.platform.engine.support.hierarchical.ThrowableCollector.execute(ThrowableCollector.java:73) ~[junit-platform-engine-1.7.2.jar:1.7.2]
	at org.junit.jupiter.engine.descriptor.TestMethodTestDescriptor.invokeBeforeMethodsOrCallbacksUntilExceptionOccurs(TestMethodTestDescriptor.java:195) ~[junit-jupiter-engine-5.7.2.jar:5.7.2]
	at org.junit.jupiter.engine.descriptor.TestMethodTestDescriptor.invokeBeforeEachCallbacks(TestMethodTestDescriptor.java:158) ~[junit-jupiter-engine-5.7.2.jar:5.7.2]
	at org.junit.jupiter.engine.descriptor.TestMethodTestDescriptor.execute(TestMethodTestDescriptor.java:125) ~[junit-jupiter-engine-5.7.2.jar:5.7.2]
	at org.junit.jupiter.engine.descriptor.TestMethodTestDescriptor.execute(TestMethodTestDescriptor.java:65) ~[junit-jupiter-engine-5.7.2.jar:5.7.2]
	at org.junit.platform.engine.support.hierarchical.NodeTestTask.lambda$executeRecursively$5(NodeTestTask.java:139) ~[junit-platform-engine-1.7.2.jar:1.7.2]
	at org.junit.platform.engine.support.hierarchical.ThrowableCollector.execute(ThrowableCollector.java:73) ~[junit-platform-engine-1.7.2.jar:1.7.2]
	at org.junit.platform.engine.support.hierarchical.NodeTestTask.lambda$executeRecursively$7(NodeTestTask.java:129) ~[junit-platform-engine-1.7.2.jar:1.7.2]
	at org.junit.platform.engine.support.hierarchical.Node.around(Node.java:137) ~[junit-platform-engine-1.7.2.jar:1.7.2]
	at org.junit.platform.engine.support.hierarchical.NodeTestTask.lambda$executeRecursively$8(NodeTestTask.java:127) ~[junit-platform-engine-1.7.2.jar:1.7.2]
	at org.junit.platform.engine.support.hierarchical.ThrowableCollector.execute(ThrowableCollector.java:73) ~[junit-platform-engine-1.7.2.jar:1.7.2]
	at org.junit.platform.engine.support.hierarchical.NodeTestTask.executeRecursively(NodeTestTask.java:126) ~[junit-platform-engine-1.7.2.jar:1.7.2]
	at org.junit.platform.engine.support.hierarchical.NodeTestTask.execute(NodeTestTask.java:84) ~[junit-platform-engine-1.7.2.jar:1.7.2]
	at java.base/java.util.ArrayList.forEach(ArrayList.java:1511) ~[na:na]
	at org.junit.platform.engine.support.hierarchical.SameThreadHierarchicalTestExecutorService.invokeAll(SameThreadHierarchicalTestExecutorService.java:38) ~[junit-platform-engine-1.7.2.jar:1.7.2]
	at org.junit.platform.engine.support.hierarchical.NodeTestTask.lambda$executeRecursively$5(NodeTestTask.java:143) ~[junit-platform-engine-1.7.2.jar:1.7.2]
	at org.junit.platform.engine.support.hierarchical.ThrowableCollector.execute(ThrowableCollector.java:73) ~[junit-platform-engine-1.7.2.jar:1.7.2]
	at org.junit.platform.engine.support.hierarchical.NodeTestTask.lambda$executeRecursively$7(NodeTestTask.java:129) ~[junit-platform-engine-1.7.2.jar:1.7.2]
	at org.junit.platform.engine.support.hierarchical.Node.around(Node.java:137) ~[junit-platform-engine-1.7.2.jar:1.7.2]
	at org.junit.platform.engine.support.hierarchical.NodeTestTask.lambda$executeRecursively$8(NodeTestTask.java:127) ~[junit-platform-engine-1.7.2.jar:1.7.2]
	at org.junit.platform.engine.support.hierarchical.ThrowableCollector.execute(ThrowableCollector.java:73) ~[junit-platform-engine-1.7.2.jar:1.7.2]
	at org.junit.platform.engine.support.hierarchical.NodeTestTask.executeRecursively(NodeTestTask.java:126) ~[junit-platform-engine-1.7.2.jar:1.7.2]
	at org.junit.platform.engine.support.hierarchical.NodeTestTask.execute(NodeTestTask.java:84) ~[junit-platform-engine-1.7.2.jar:1.7.2]
	at java.base/java.util.ArrayList.forEach(ArrayList.java:1511) ~[na:na]
	at org.junit.platform.engine.support.hierarchical.SameThreadHierarchicalTestExecutorService.invokeAll(SameThreadHierarchicalTestExecutorService.java:38) ~[junit-platform-engine-1.7.2.jar:1.7.2]
	at org.junit.platform.engine.support.hierarchical.NodeTestTask.lambda$executeRecursively$5(NodeTestTask.java:143) ~[junit-platform-engine-1.7.2.jar:1.7.2]
	at org.junit.platform.engine.support.hierarchical.ThrowableCollector.execute(ThrowableCollector.java:73) ~[junit-platform-engine-1.7.2.jar:1.7.2]
	at org.junit.platform.engine.support.hierarchical.NodeTestTask.lambda$executeRecursively$7(NodeTestTask.java:129) ~[junit-platform-engine-1.7.2.jar:1.7.2]
	at org.junit.platform.engine.support.hierarchical.Node.around(Node.java:137) ~[junit-platform-engine-1.7.2.jar:1.7.2]
	at org.junit.platform.engine.support.hierarchical.NodeTestTask.lambda$executeRecursively$8(NodeTestTask.java:127) ~[junit-platform-engine-1.7.2.jar:1.7.2]
	at org.junit.platform.engine.support.hierarchical.ThrowableCollector.execute(ThrowableCollector.java:73) ~[junit-platform-engine-1.7.2.jar:1.7.2]
	at org.junit.platform.engine.support.hierarchical.NodeTestTask.executeRecursively(NodeTestTask.java:126) ~[junit-platform-engine-1.7.2.jar:1.7.2]
	at org.junit.platform.engine.support.hierarchical.NodeTestTask.execute(NodeTestTask.java:84) ~[junit-platform-engine-1.7.2.jar:1.7.2]
	at org.junit.platform.engine.support.hierarchical.SameThreadHierarchicalTestExecutorService.submit(SameThreadHierarchicalTestExecutorService.java:32) ~[junit-platform-engine-1.7.2.jar:1.7.2]
	at org.junit.platform.engine.support.hierarchical.HierarchicalTestExecutor.execute(HierarchicalTestExecutor.java:57) ~[junit-platform-engine-1.7.2.jar:1.7.2]
	at org.junit.platform.engine.support.hierarchical.HierarchicalTestEngine.execute(HierarchicalTestEngine.java:51) ~[junit-platform-engine-1.7.2.jar:1.7.2]
	at org.junit.platform.launcher.core.DefaultLauncher.execute(DefaultLauncher.java:220) ~[junit-platform-launcher-1.3.1.jar:1.3.1]
	at org.junit.platform.launcher.core.DefaultLauncher.lambda$execute$6(DefaultLauncher.java:188) ~[junit-platform-launcher-1.3.1.jar:1.3.1]
	at org.junit.platform.launcher.core.DefaultLauncher.withInterceptedStreams(DefaultLauncher.java:202) ~[junit-platform-launcher-1.3.1.jar:1.3.1]
	at org.junit.platform.launcher.core.DefaultLauncher.execute(DefaultLauncher.java:181) ~[junit-platform-launcher-1.3.1.jar:1.3.1]
	at org.junit.platform.launcher.core.DefaultLauncher.execute(DefaultLauncher.java:128) ~[junit-platform-launcher-1.3.1.jar:1.3.1]
	at org.apache.maven.surefire.junitplatform.JUnitPlatformProvider.invokeAllTests(JUnitPlatformProvider.java:150) ~[surefire-junit-platform-2.22.2.jar:2.22.2]
	at org.apache.maven.surefire.junitplatform.JUnitPlatformProvider.invoke(JUnitPlatformProvider.java:124) ~[surefire-junit-platform-2.22.2.jar:2.22.2]
	at org.apache.maven.surefire.booter.ForkedBooter.invokeProviderInSameClassLoader(ForkedBooter.java:384) ~[surefire-booter-2.22.2.jar:2.22.2]
	at org.apache.maven.surefire.booter.ForkedBooter.runSuitesInProcess(ForkedBooter.java:345) ~[surefire-booter-2.22.2.jar:2.22.2]
	at org.apache.maven.surefire.booter.ForkedBooter.execute(ForkedBooter.java:126) ~[surefire-booter-2.22.2.jar:2.22.2]
	at org.apache.maven.surefire.booter.ForkedBooter.main(ForkedBooter.java:418) ~[surefire-booter-2.22.2.jar:2.22.2]
Caused by: org.h2.jdbc.JdbcSQLIntegrityConstraintViolationException: Referential integrity constraint violation: "FKSC1MS700FJXQYQ0J4555UC28A: PUBLIC.TRANSACTION FOREIGN KEY(MERCHANT_CODE) REFERENCES PUBLIC.MERCHANT(CODE) ('ALINE')"; SQL statement:
insert into transaction (id, type, method, amount, date, account_id, initial_balance, posted_balance, status, merchant_code, state, description) values (1, 'WITHDRAWAL', 'ACH', 10000, '2021-08-01', 1, 100000, 90000, 'APPROVED', 'ALINE', 'POSTED', 'Batman is Bruce Wayne.') [23506-200]
	at org.h2.message.DbException.getJdbcSQLException(DbException.java:459) ~[h2-1.4.200.jar:1.4.200]
	at org.h2.message.DbException.getJdbcSQLException(DbException.java:429) ~[h2-1.4.200.jar:1.4.200]
	at org.h2.message.DbException.get(DbException.java:205) ~[h2-1.4.200.jar:1.4.200]
	at org.h2.message.DbException.get(DbException.java:181) ~[h2-1.4.200.jar:1.4.200]
	at org.h2.constraint.ConstraintReferential.checkRowOwnTable(ConstraintReferential.java:319) ~[h2-1.4.200.jar:1.4.200]
	at org.h2.constraint.ConstraintReferential.checkRow(ConstraintReferential.java:261) ~[h2-1.4.200.jar:1.4.200]
	at org.h2.table.Table.fireConstraints(Table.java:1057) ~[h2-1.4.200.jar:1.4.200]
	at org.h2.table.Table.fireAfterRow(Table.java:1075) ~[h2-1.4.200.jar:1.4.200]
	at org.h2.command.dml.Insert.insertRows(Insert.java:211) ~[h2-1.4.200.jar:1.4.200]
	at org.h2.command.dml.Insert.update(Insert.java:151) ~[h2-1.4.200.jar:1.4.200]
	at org.h2.command.CommandContainer.update(CommandContainer.java:198) ~[h2-1.4.200.jar:1.4.200]
	at org.h2.command.Command.executeUpdate(Command.java:251) ~[h2-1.4.200.jar:1.4.200]
	at org.h2.jdbc.JdbcStatement.executeInternal(JdbcStatement.java:228) ~[h2-1.4.200.jar:1.4.200]
	at org.h2.jdbc.JdbcStatement.execute(JdbcStatement.java:201) ~[h2-1.4.200.jar:1.4.200]
	at com.zaxxer.hikari.pool.ProxyStatement.execute(ProxyStatement.java:95) ~[HikariCP-3.4.5.jar:na]
	at com.zaxxer.hikari.pool.HikariProxyStatement.execute(HikariProxyStatement.java) ~[HikariCP-3.4.5.jar:na]
	at org.springframework.jdbc.datasource.init.ScriptUtils.executeSqlScript(ScriptUtils.java:261) ~[spring-jdbc-5.3.8.jar:5.3.8]
	... 64 common frames omitted

2022-01-03 14:21:59.558  INFO 30336 --- [           main] o.s.t.c.transaction.TransactionContext   : Rolled back transaction for test: [DefaultTestContext@7915bca3 testClass = ApiIntegrationTest, testInstance = com.aline.transactionmicroservice.ApiIntegrationTest@c887298, testMethod = healthCheckTest@ApiIntegrationTest, testException = org.springframework.jdbc.datasource.init.ScriptStatementFailedException: Failed to execute SQL script statement #14 of class path resource [scripts/transactions.sql]: insert into transaction (id, type, method, amount, date, account_id, initial_balance, posted_balance, status, merchant_code, state, description) values (1, 'WITHDRAWAL', 'ACH', 10000, '2021-08-01', 1, 100000, 90000, 'APPROVED', 'ALINE', 'POSTED', 'Batman is Bruce Wayne.'); nested exception is org.h2.jdbc.JdbcSQLIntegrityConstraintViolationException: Referential integrity constraint violation: "FKSC1MS700FJXQYQ0J4555UC28A: PUBLIC.TRANSACTION FOREIGN KEY(MERCHANT_CODE) REFERENCES PUBLIC.MERCHANT(CODE) ('ALINE')"; SQL statement:
insert into transaction (id, type, method, amount, date, account_id, initial_balance, posted_balance, status, merchant_code, state, description) values (1, 'WITHDRAWAL', 'ACH', 10000, '2021-08-01', 1, 100000, 90000, 'APPROVED', 'ALINE', 'POSTED', 'Batman is Bruce Wayne.') [23506-200], mergedContextConfiguration = [WebMergedContextConfiguration@68d651f2 testClass = ApiIntegrationTest, locations = '{}', classes = '{class com.aline.transactionmicroservice.TransactionMicroserviceApplication}', contextInitializerClasses = '[]', activeProfiles = '{test}', propertySourceLocations = '{}', propertySourceProperties = '{app.security.disable-web-security=true, org.springframework.boot.test.context.SpringBootTestContextBootstrapper=true}', contextCustomizers = set[[ImportsContextCustomizer@3ad4a7d6 key = [org.springframework.boot.test.autoconfigure.web.servlet.MockMvcAutoConfiguration, org.springframework.boot.test.autoconfigure.web.servlet.MockMvcWebClientAutoConfiguration, org.springframework.boot.test.autoconfigure.web.servlet.MockMvcWebDriverAutoConfiguration, org.springframework.boot.autoconfigure.security.oauth2.client.servlet.OAuth2ClientAutoConfiguration, org.springframework.boot.autoconfigure.security.oauth2.resource.servlet.OAuth2ResourceServerAutoConfiguration, org.springframework.boot.autoconfigure.security.servlet.SecurityAutoConfiguration, org.springframework.boot.autoconfigure.security.servlet.SecurityFilterAutoConfiguration, org.springframework.boot.autoconfigure.security.servlet.UserDetailsServiceAutoConfiguration, org.springframework.boot.test.autoconfigure.web.servlet.MockMvcSecurityConfiguration]], org.springframework.boot.test.context.filter.ExcludeFilterContextCustomizer@22175d4f, org.springframework.boot.test.json.DuplicateJsonObjectContextCustomizerFactory$DuplicateJsonObjectContextCustomizer@236ab296, org.springframework.boot.test.mock.mockito.MockitoContextCustomizer@0, org.springframework.boot.test.web.client.TestRestTemplateContextCustomizer@328572f0, org.springframework.boot.test.autoconfigure.actuate.metrics.MetricsExportContextCustomizerFactory$DisableMetricExportContextCustomizer@88a8218, org.springframework.boot.test.autoconfigure.properties.PropertyMappingContextCustomizer@4b3fa0b3, org.springframework.boot.test.autoconfigure.web.servlet.WebDriverContextCustomizerFactory$Customizer@6df20ade, org.springframework.boot.test.context.SpringBootTestArgs@1, org.springframework.boot.test.context.SpringBootTestWebEnvironment@ea6147e], resourceBasePath = 'src/main/webapp', contextLoader = 'org.springframework.boot.test.context.SpringBootContextLoader', parent = [null]], attributes = map['org.springframework.test.context.web.ServletTestExecutionListener.activateListener' -> true, 'org.springframework.test.context.web.ServletTestExecutionListener.populatedRequestContextHolder' -> true, 'org.springframework.test.context.web.ServletTestExecutionListener.resetRequestContextHolder' -> true, 'org.springframework.test.context.event.ApplicationEventsTestExecutionListener.recordApplicationEvents' -> false]]
]]></system-out>
  </testcase>
  <testcase name="test_getAllTransactionsByAccountId_status_isOk" classname="com.aline.transactionmicroservice.ApiIntegrationTest" time="0.015">
    <error message="Failed to execute SQL script statement #14 of class path resource [scripts/transactions.sql]: insert into transaction (id, type, method, amount, date, account_id, initial_balance, posted_balance, status, merchant_code, state, description) values (1, &apos;WITHDRAWAL&apos;, &apos;ACH&apos;, 10000, &apos;2021-08-01&apos;, 1, 100000, 90000, &apos;APPROVED&apos;, &apos;ALINE&apos;, &apos;POSTED&apos;, &apos;Batman is Bruce Wayne.&apos;); nested exception is org.h2.jdbc.JdbcSQLIntegrityConstraintViolationException: Referential integrity constraint violation: &quot;FKSC1MS700FJXQYQ0J4555UC28A: PUBLIC.TRANSACTION FOREIGN KEY(MERCHANT_CODE) REFERENCES PUBLIC.MERCHANT(CODE) (&apos;ALINE&apos;)&quot;; SQL statement:&#10;insert into transaction (id, type, method, amount, date, account_id, initial_balance, posted_balance, status, merchant_code, state, description) values (1, &apos;WITHDRAWAL&apos;, &apos;ACH&apos;, 10000, &apos;2021-08-01&apos;, 1, 100000, 90000, &apos;APPROVED&apos;, &apos;ALINE&apos;, &apos;POSTED&apos;, &apos;Batman is Bruce Wayne.&apos;) [23506-200]" type="org.springframework.jdbc.datasource.init.ScriptStatementFailedException">org.springframework.jdbc.datasource.init.ScriptStatementFailedException: 
Failed to execute SQL script statement #14 of class path resource [scripts/transactions.sql]: insert into transaction (id, type, method, amount, date, account_id, initial_balance, posted_balance, status, merchant_code, state, description) values (1, 'WITHDRAWAL', 'ACH', 10000, '2021-08-01', 1, 100000, 90000, 'APPROVED', 'ALINE', 'POSTED', 'Batman is Bruce Wayne.'); nested exception is org.h2.jdbc.JdbcSQLIntegrityConstraintViolationException: Referential integrity constraint violation: "FKSC1MS700FJXQYQ0J4555UC28A: PUBLIC.TRANSACTION FOREIGN KEY(MERCHANT_CODE) REFERENCES PUBLIC.MERCHANT(CODE) ('ALINE')"; SQL statement:
insert into transaction (id, type, method, amount, date, account_id, initial_balance, posted_balance, status, merchant_code, state, description) values (1, 'WITHDRAWAL', 'ACH', 10000, '2021-08-01', 1, 100000, 90000, 'APPROVED', 'ALINE', 'POSTED', 'Batman is Bruce Wayne.') [23506-200]
Caused by: org.h2.jdbc.JdbcSQLIntegrityConstraintViolationException: 
Referential integrity constraint violation: "FKSC1MS700FJXQYQ0J4555UC28A: PUBLIC.TRANSACTION FOREIGN KEY(MERCHANT_CODE) REFERENCES PUBLIC.MERCHANT(CODE) ('ALINE')"; SQL statement:
insert into transaction (id, type, method, amount, date, account_id, initial_balance, posted_balance, status, merchant_code, state, description) values (1, 'WITHDRAWAL', 'ACH', 10000, '2021-08-01', 1, 100000, 90000, 'APPROVED', 'ALINE', 'POSTED', 'Batman is Bruce Wayne.') [23506-200]
</error>
    <system-out><![CDATA[2022-01-03 14:21:59.572  INFO 30336 --- [           main] o.s.t.c.transaction.TransactionContext   : Began transaction (1) for test context [DefaultTestContext@7915bca3 testClass = ApiIntegrationTest, testInstance = com.aline.transactionmicroservice.ApiIntegrationTest@30424294, testMethod = test_getAllTransactionsByAccountId_status_isOk@ApiIntegrationTest, testException = [null], mergedContextConfiguration = [WebMergedContextConfiguration@68d651f2 testClass = ApiIntegrationTest, locations = '{}', classes = '{class com.aline.transactionmicroservice.TransactionMicroserviceApplication}', contextInitializerClasses = '[]', activeProfiles = '{test}', propertySourceLocations = '{}', propertySourceProperties = '{app.security.disable-web-security=true, org.springframework.boot.test.context.SpringBootTestContextBootstrapper=true}', contextCustomizers = set[[ImportsContextCustomizer@3ad4a7d6 key = [org.springframework.boot.test.autoconfigure.web.servlet.MockMvcAutoConfiguration, org.springframework.boot.test.autoconfigure.web.servlet.MockMvcWebClientAutoConfiguration, org.springframework.boot.test.autoconfigure.web.servlet.MockMvcWebDriverAutoConfiguration, org.springframework.boot.autoconfigure.security.oauth2.client.servlet.OAuth2ClientAutoConfiguration, org.springframework.boot.autoconfigure.security.oauth2.resource.servlet.OAuth2ResourceServerAutoConfiguration, org.springframework.boot.autoconfigure.security.servlet.SecurityAutoConfiguration, org.springframework.boot.autoconfigure.security.servlet.SecurityFilterAutoConfiguration, org.springframework.boot.autoconfigure.security.servlet.UserDetailsServiceAutoConfiguration, org.springframework.boot.test.autoconfigure.web.servlet.MockMvcSecurityConfiguration]], org.springframework.boot.test.context.filter.ExcludeFilterContextCustomizer@22175d4f, org.springframework.boot.test.json.DuplicateJsonObjectContextCustomizerFactory$DuplicateJsonObjectContextCustomizer@236ab296, org.springframework.boot.test.mock.mockito.MockitoContextCustomizer@0, org.springframework.boot.test.web.client.TestRestTemplateContextCustomizer@328572f0, org.springframework.boot.test.autoconfigure.actuate.metrics.MetricsExportContextCustomizerFactory$DisableMetricExportContextCustomizer@88a8218, org.springframework.boot.test.autoconfigure.properties.PropertyMappingContextCustomizer@4b3fa0b3, org.springframework.boot.test.autoconfigure.web.servlet.WebDriverContextCustomizerFactory$Customizer@6df20ade, org.springframework.boot.test.context.SpringBootTestArgs@1, org.springframework.boot.test.context.SpringBootTestWebEnvironment@ea6147e], resourceBasePath = 'src/main/webapp', contextLoader = 'org.springframework.boot.test.context.SpringBootContextLoader', parent = [null]], attributes = map['org.springframework.test.context.web.ServletTestExecutionListener.activateListener' -> true, 'org.springframework.test.context.web.ServletTestExecutionListener.populatedRequestContextHolder' -> true, 'org.springframework.test.context.web.ServletTestExecutionListener.resetRequestContextHolder' -> true, 'org.springframework.test.context.event.ApplicationEventsTestExecutionListener.recordApplicationEvents' -> false]]; transaction manager [org.springframework.orm.jpa.JpaTransactionManager@17933d7d]; rollback [true]
2022-01-03 14:21:59.578  WARN 30336 --- [           main] o.s.test.context.TestContextManager      : Caught exception while invoking 'beforeTestMethod' callback on TestExecutionListener [org.springframework.test.context.jdbc.SqlScriptsTestExecutionListener@320a8ebf] for test method [void com.aline.transactionmicroservice.ApiIntegrationTest.test_getAllTransactionsByAccountId_status_isOk() throws java.lang.Exception] and test instance [com.aline.transactionmicroservice.ApiIntegrationTest@30424294]

org.springframework.jdbc.datasource.init.ScriptStatementFailedException: Failed to execute SQL script statement #14 of class path resource [scripts/transactions.sql]: insert into transaction (id, type, method, amount, date, account_id, initial_balance, posted_balance, status, merchant_code, state, description) values (1, 'WITHDRAWAL', 'ACH', 10000, '2021-08-01', 1, 100000, 90000, 'APPROVED', 'ALINE', 'POSTED', 'Batman is Bruce Wayne.'); nested exception is org.h2.jdbc.JdbcSQLIntegrityConstraintViolationException: Referential integrity constraint violation: "FKSC1MS700FJXQYQ0J4555UC28A: PUBLIC.TRANSACTION FOREIGN KEY(MERCHANT_CODE) REFERENCES PUBLIC.MERCHANT(CODE) ('ALINE')"; SQL statement:
insert into transaction (id, type, method, amount, date, account_id, initial_balance, posted_balance, status, merchant_code, state, description) values (1, 'WITHDRAWAL', 'ACH', 10000, '2021-08-01', 1, 100000, 90000, 'APPROVED', 'ALINE', 'POSTED', 'Batman is Bruce Wayne.') [23506-200]
	at org.springframework.jdbc.datasource.init.ScriptUtils.executeSqlScript(ScriptUtils.java:282) ~[spring-jdbc-5.3.8.jar:5.3.8]
	at org.springframework.jdbc.datasource.init.ResourceDatabasePopulator.populate(ResourceDatabasePopulator.java:254) ~[spring-jdbc-5.3.8.jar:5.3.8]
	at org.springframework.jdbc.datasource.init.DatabasePopulatorUtils.execute(DatabasePopulatorUtils.java:49) ~[spring-jdbc-5.3.8.jar:5.3.8]
	at org.springframework.jdbc.datasource.init.ResourceDatabasePopulator.execute(ResourceDatabasePopulator.java:269) ~[spring-jdbc-5.3.8.jar:5.3.8]
	at org.springframework.test.context.jdbc.SqlScriptsTestExecutionListener.lambda$executeSqlScripts$4(SqlScriptsTestExecutionListener.java:279) ~[spring-test-5.3.8.jar:5.3.8]
	at org.springframework.transaction.support.TransactionOperations.lambda$executeWithoutResult$0(TransactionOperations.java:68) ~[spring-tx-5.3.8.jar:5.3.8]
	at org.springframework.transaction.support.TransactionTemplate.execute(TransactionTemplate.java:140) ~[spring-tx-5.3.8.jar:5.3.8]
	at org.springframework.transaction.support.TransactionOperations.executeWithoutResult(TransactionOperations.java:67) ~[spring-tx-5.3.8.jar:5.3.8]
	at org.springframework.test.context.jdbc.SqlScriptsTestExecutionListener.executeSqlScripts(SqlScriptsTestExecutionListener.java:279) ~[spring-test-5.3.8.jar:5.3.8]
	at org.springframework.test.context.jdbc.SqlScriptsTestExecutionListener.lambda$executeSqlScripts$0(SqlScriptsTestExecutionListener.java:201) ~[spring-test-5.3.8.jar:5.3.8]
	at java.base/java.lang.Iterable.forEach(Iterable.java:75) ~[na:na]
	at org.springframework.test.context.jdbc.SqlScriptsTestExecutionListener.executeSqlScripts(SqlScriptsTestExecutionListener.java:201) ~[spring-test-5.3.8.jar:5.3.8]
	at org.springframework.test.context.jdbc.SqlScriptsTestExecutionListener.executeSqlScripts(SqlScriptsTestExecutionListener.java:148) ~[spring-test-5.3.8.jar:5.3.8]
	at org.springframework.test.context.jdbc.SqlScriptsTestExecutionListener.beforeTestMethod(SqlScriptsTestExecutionListener.java:118) ~[spring-test-5.3.8.jar:5.3.8]
	at org.springframework.test.context.TestContextManager.beforeTestMethod(TestContextManager.java:289) ~[spring-test-5.3.8.jar:5.3.8]
	at org.springframework.test.context.junit.jupiter.SpringExtension.beforeEach(SpringExtension.java:174) ~[spring-test-5.3.8.jar:5.3.8]
	at org.junit.jupiter.engine.descriptor.TestMethodTestDescriptor.lambda$invokeBeforeEachCallbacks$1(TestMethodTestDescriptor.java:159) ~[junit-jupiter-engine-5.7.2.jar:5.7.2]
	at org.junit.jupiter.engine.descriptor.TestMethodTestDescriptor.lambda$invokeBeforeMethodsOrCallbacksUntilExceptionOccurs$5(TestMethodTestDescriptor.java:195) ~[junit-jupiter-engine-5.7.2.jar:5.7.2]
	at org.junit.platform.engine.support.hierarchical.ThrowableCollector.execute(ThrowableCollector.java:73) ~[junit-platform-engine-1.7.2.jar:1.7.2]
	at org.junit.jupiter.engine.descriptor.TestMethodTestDescriptor.invokeBeforeMethodsOrCallbacksUntilExceptionOccurs(TestMethodTestDescriptor.java:195) ~[junit-jupiter-engine-5.7.2.jar:5.7.2]
	at org.junit.jupiter.engine.descriptor.TestMethodTestDescriptor.invokeBeforeEachCallbacks(TestMethodTestDescriptor.java:158) ~[junit-jupiter-engine-5.7.2.jar:5.7.2]
	at org.junit.jupiter.engine.descriptor.TestMethodTestDescriptor.execute(TestMethodTestDescriptor.java:125) ~[junit-jupiter-engine-5.7.2.jar:5.7.2]
	at org.junit.jupiter.engine.descriptor.TestMethodTestDescriptor.execute(TestMethodTestDescriptor.java:65) ~[junit-jupiter-engine-5.7.2.jar:5.7.2]
	at org.junit.platform.engine.support.hierarchical.NodeTestTask.lambda$executeRecursively$5(NodeTestTask.java:139) ~[junit-platform-engine-1.7.2.jar:1.7.2]
	at org.junit.platform.engine.support.hierarchical.ThrowableCollector.execute(ThrowableCollector.java:73) ~[junit-platform-engine-1.7.2.jar:1.7.2]
	at org.junit.platform.engine.support.hierarchical.NodeTestTask.lambda$executeRecursively$7(NodeTestTask.java:129) ~[junit-platform-engine-1.7.2.jar:1.7.2]
	at org.junit.platform.engine.support.hierarchical.Node.around(Node.java:137) ~[junit-platform-engine-1.7.2.jar:1.7.2]
	at org.junit.platform.engine.support.hierarchical.NodeTestTask.lambda$executeRecursively$8(NodeTestTask.java:127) ~[junit-platform-engine-1.7.2.jar:1.7.2]
	at org.junit.platform.engine.support.hierarchical.ThrowableCollector.execute(ThrowableCollector.java:73) ~[junit-platform-engine-1.7.2.jar:1.7.2]
	at org.junit.platform.engine.support.hierarchical.NodeTestTask.executeRecursively(NodeTestTask.java:126) ~[junit-platform-engine-1.7.2.jar:1.7.2]
	at org.junit.platform.engine.support.hierarchical.NodeTestTask.execute(NodeTestTask.java:84) ~[junit-platform-engine-1.7.2.jar:1.7.2]
	at java.base/java.util.ArrayList.forEach(ArrayList.java:1511) ~[na:na]
	at org.junit.platform.engine.support.hierarchical.SameThreadHierarchicalTestExecutorService.invokeAll(SameThreadHierarchicalTestExecutorService.java:38) ~[junit-platform-engine-1.7.2.jar:1.7.2]
	at org.junit.platform.engine.support.hierarchical.NodeTestTask.lambda$executeRecursively$5(NodeTestTask.java:143) ~[junit-platform-engine-1.7.2.jar:1.7.2]
	at org.junit.platform.engine.support.hierarchical.ThrowableCollector.execute(ThrowableCollector.java:73) ~[junit-platform-engine-1.7.2.jar:1.7.2]
	at org.junit.platform.engine.support.hierarchical.NodeTestTask.lambda$executeRecursively$7(NodeTestTask.java:129) ~[junit-platform-engine-1.7.2.jar:1.7.2]
	at org.junit.platform.engine.support.hierarchical.Node.around(Node.java:137) ~[junit-platform-engine-1.7.2.jar:1.7.2]
	at org.junit.platform.engine.support.hierarchical.NodeTestTask.lambda$executeRecursively$8(NodeTestTask.java:127) ~[junit-platform-engine-1.7.2.jar:1.7.2]
	at org.junit.platform.engine.support.hierarchical.ThrowableCollector.execute(ThrowableCollector.java:73) ~[junit-platform-engine-1.7.2.jar:1.7.2]
	at org.junit.platform.engine.support.hierarchical.NodeTestTask.executeRecursively(NodeTestTask.java:126) ~[junit-platform-engine-1.7.2.jar:1.7.2]
	at org.junit.platform.engine.support.hierarchical.NodeTestTask.execute(NodeTestTask.java:84) ~[junit-platform-engine-1.7.2.jar:1.7.2]
	at java.base/java.util.ArrayList.forEach(ArrayList.java:1511) ~[na:na]
	at org.junit.platform.engine.support.hierarchical.SameThreadHierarchicalTestExecutorService.invokeAll(SameThreadHierarchicalTestExecutorService.java:38) ~[junit-platform-engine-1.7.2.jar:1.7.2]
	at org.junit.platform.engine.support.hierarchical.NodeTestTask.lambda$executeRecursively$5(NodeTestTask.java:143) ~[junit-platform-engine-1.7.2.jar:1.7.2]
	at org.junit.platform.engine.support.hierarchical.ThrowableCollector.execute(ThrowableCollector.java:73) ~[junit-platform-engine-1.7.2.jar:1.7.2]
	at org.junit.platform.engine.support.hierarchical.NodeTestTask.lambda$executeRecursively$7(NodeTestTask.java:129) ~[junit-platform-engine-1.7.2.jar:1.7.2]
	at org.junit.platform.engine.support.hierarchical.Node.around(Node.java:137) ~[junit-platform-engine-1.7.2.jar:1.7.2]
	at org.junit.platform.engine.support.hierarchical.NodeTestTask.lambda$executeRecursively$8(NodeTestTask.java:127) ~[junit-platform-engine-1.7.2.jar:1.7.2]
	at org.junit.platform.engine.support.hierarchical.ThrowableCollector.execute(ThrowableCollector.java:73) ~[junit-platform-engine-1.7.2.jar:1.7.2]
	at org.junit.platform.engine.support.hierarchical.NodeTestTask.executeRecursively(NodeTestTask.java:126) ~[junit-platform-engine-1.7.2.jar:1.7.2]
	at org.junit.platform.engine.support.hierarchical.NodeTestTask.execute(NodeTestTask.java:84) ~[junit-platform-engine-1.7.2.jar:1.7.2]
	at org.junit.platform.engine.support.hierarchical.SameThreadHierarchicalTestExecutorService.submit(SameThreadHierarchicalTestExecutorService.java:32) ~[junit-platform-engine-1.7.2.jar:1.7.2]
	at org.junit.platform.engine.support.hierarchical.HierarchicalTestExecutor.execute(HierarchicalTestExecutor.java:57) ~[junit-platform-engine-1.7.2.jar:1.7.2]
	at org.junit.platform.engine.support.hierarchical.HierarchicalTestEngine.execute(HierarchicalTestEngine.java:51) ~[junit-platform-engine-1.7.2.jar:1.7.2]
	at org.junit.platform.launcher.core.DefaultLauncher.execute(DefaultLauncher.java:220) ~[junit-platform-launcher-1.3.1.jar:1.3.1]
	at org.junit.platform.launcher.core.DefaultLauncher.lambda$execute$6(DefaultLauncher.java:188) ~[junit-platform-launcher-1.3.1.jar:1.3.1]
	at org.junit.platform.launcher.core.DefaultLauncher.withInterceptedStreams(DefaultLauncher.java:202) ~[junit-platform-launcher-1.3.1.jar:1.3.1]
	at org.junit.platform.launcher.core.DefaultLauncher.execute(DefaultLauncher.java:181) ~[junit-platform-launcher-1.3.1.jar:1.3.1]
	at org.junit.platform.launcher.core.DefaultLauncher.execute(DefaultLauncher.java:128) ~[junit-platform-launcher-1.3.1.jar:1.3.1]
	at org.apache.maven.surefire.junitplatform.JUnitPlatformProvider.invokeAllTests(JUnitPlatformProvider.java:150) ~[surefire-junit-platform-2.22.2.jar:2.22.2]
	at org.apache.maven.surefire.junitplatform.JUnitPlatformProvider.invoke(JUnitPlatformProvider.java:124) ~[surefire-junit-platform-2.22.2.jar:2.22.2]
	at org.apache.maven.surefire.booter.ForkedBooter.invokeProviderInSameClassLoader(ForkedBooter.java:384) ~[surefire-booter-2.22.2.jar:2.22.2]
	at org.apache.maven.surefire.booter.ForkedBooter.runSuitesInProcess(ForkedBooter.java:345) ~[surefire-booter-2.22.2.jar:2.22.2]
	at org.apache.maven.surefire.booter.ForkedBooter.execute(ForkedBooter.java:126) ~[surefire-booter-2.22.2.jar:2.22.2]
	at org.apache.maven.surefire.booter.ForkedBooter.main(ForkedBooter.java:418) ~[surefire-booter-2.22.2.jar:2.22.2]
Caused by: org.h2.jdbc.JdbcSQLIntegrityConstraintViolationException: Referential integrity constraint violation: "FKSC1MS700FJXQYQ0J4555UC28A: PUBLIC.TRANSACTION FOREIGN KEY(MERCHANT_CODE) REFERENCES PUBLIC.MERCHANT(CODE) ('ALINE')"; SQL statement:
insert into transaction (id, type, method, amount, date, account_id, initial_balance, posted_balance, status, merchant_code, state, description) values (1, 'WITHDRAWAL', 'ACH', 10000, '2021-08-01', 1, 100000, 90000, 'APPROVED', 'ALINE', 'POSTED', 'Batman is Bruce Wayne.') [23506-200]
	at org.h2.message.DbException.getJdbcSQLException(DbException.java:459) ~[h2-1.4.200.jar:1.4.200]
	at org.h2.message.DbException.getJdbcSQLException(DbException.java:429) ~[h2-1.4.200.jar:1.4.200]
	at org.h2.message.DbException.get(DbException.java:205) ~[h2-1.4.200.jar:1.4.200]
	at org.h2.message.DbException.get(DbException.java:181) ~[h2-1.4.200.jar:1.4.200]
	at org.h2.constraint.ConstraintReferential.checkRowOwnTable(ConstraintReferential.java:319) ~[h2-1.4.200.jar:1.4.200]
	at org.h2.constraint.ConstraintReferential.checkRow(ConstraintReferential.java:261) ~[h2-1.4.200.jar:1.4.200]
	at org.h2.table.Table.fireConstraints(Table.java:1057) ~[h2-1.4.200.jar:1.4.200]
	at org.h2.table.Table.fireAfterRow(Table.java:1075) ~[h2-1.4.200.jar:1.4.200]
	at org.h2.command.dml.Insert.insertRows(Insert.java:211) ~[h2-1.4.200.jar:1.4.200]
	at org.h2.command.dml.Insert.update(Insert.java:151) ~[h2-1.4.200.jar:1.4.200]
	at org.h2.command.CommandContainer.update(CommandContainer.java:198) ~[h2-1.4.200.jar:1.4.200]
	at org.h2.command.Command.executeUpdate(Command.java:251) ~[h2-1.4.200.jar:1.4.200]
	at org.h2.jdbc.JdbcStatement.executeInternal(JdbcStatement.java:228) ~[h2-1.4.200.jar:1.4.200]
	at org.h2.jdbc.JdbcStatement.execute(JdbcStatement.java:201) ~[h2-1.4.200.jar:1.4.200]
	at com.zaxxer.hikari.pool.ProxyStatement.execute(ProxyStatement.java:95) ~[HikariCP-3.4.5.jar:na]
	at com.zaxxer.hikari.pool.HikariProxyStatement.execute(HikariProxyStatement.java) ~[HikariCP-3.4.5.jar:na]
	at org.springframework.jdbc.datasource.init.ScriptUtils.executeSqlScript(ScriptUtils.java:261) ~[spring-jdbc-5.3.8.jar:5.3.8]
	... 64 common frames omitted

2022-01-03 14:21:59.583  INFO 30336 --- [           main] o.s.t.c.transaction.TransactionContext   : Rolled back transaction for test: [DefaultTestContext@7915bca3 testClass = ApiIntegrationTest, testInstance = com.aline.transactionmicroservice.ApiIntegrationTest@30424294, testMethod = test_getAllTransactionsByAccountId_status_isOk@ApiIntegrationTest, testException = org.springframework.jdbc.datasource.init.ScriptStatementFailedException: Failed to execute SQL script statement #14 of class path resource [scripts/transactions.sql]: insert into transaction (id, type, method, amount, date, account_id, initial_balance, posted_balance, status, merchant_code, state, description) values (1, 'WITHDRAWAL', 'ACH', 10000, '2021-08-01', 1, 100000, 90000, 'APPROVED', 'ALINE', 'POSTED', 'Batman is Bruce Wayne.'); nested exception is org.h2.jdbc.JdbcSQLIntegrityConstraintViolationException: Referential integrity constraint violation: "FKSC1MS700FJXQYQ0J4555UC28A: PUBLIC.TRANSACTION FOREIGN KEY(MERCHANT_CODE) REFERENCES PUBLIC.MERCHANT(CODE) ('ALINE')"; SQL statement:
insert into transaction (id, type, method, amount, date, account_id, initial_balance, posted_balance, status, merchant_code, state, description) values (1, 'WITHDRAWAL', 'ACH', 10000, '2021-08-01', 1, 100000, 90000, 'APPROVED', 'ALINE', 'POSTED', 'Batman is Bruce Wayne.') [23506-200], mergedContextConfiguration = [WebMergedContextConfiguration@68d651f2 testClass = ApiIntegrationTest, locations = '{}', classes = '{class com.aline.transactionmicroservice.TransactionMicroserviceApplication}', contextInitializerClasses = '[]', activeProfiles = '{test}', propertySourceLocations = '{}', propertySourceProperties = '{app.security.disable-web-security=true, org.springframework.boot.test.context.SpringBootTestContextBootstrapper=true}', contextCustomizers = set[[ImportsContextCustomizer@3ad4a7d6 key = [org.springframework.boot.test.autoconfigure.web.servlet.MockMvcAutoConfiguration, org.springframework.boot.test.autoconfigure.web.servlet.MockMvcWebClientAutoConfiguration, org.springframework.boot.test.autoconfigure.web.servlet.MockMvcWebDriverAutoConfiguration, org.springframework.boot.autoconfigure.security.oauth2.client.servlet.OAuth2ClientAutoConfiguration, org.springframework.boot.autoconfigure.security.oauth2.resource.servlet.OAuth2ResourceServerAutoConfiguration, org.springframework.boot.autoconfigure.security.servlet.SecurityAutoConfiguration, org.springframework.boot.autoconfigure.security.servlet.SecurityFilterAutoConfiguration, org.springframework.boot.autoconfigure.security.servlet.UserDetailsServiceAutoConfiguration, org.springframework.boot.test.autoconfigure.web.servlet.MockMvcSecurityConfiguration]], org.springframework.boot.test.context.filter.ExcludeFilterContextCustomizer@22175d4f, org.springframework.boot.test.json.DuplicateJsonObjectContextCustomizerFactory$DuplicateJsonObjectContextCustomizer@236ab296, org.springframework.boot.test.mock.mockito.MockitoContextCustomizer@0, org.springframework.boot.test.web.client.TestRestTemplateContextCustomizer@328572f0, org.springframework.boot.test.autoconfigure.actuate.metrics.MetricsExportContextCustomizerFactory$DisableMetricExportContextCustomizer@88a8218, org.springframework.boot.test.autoconfigure.properties.PropertyMappingContextCustomizer@4b3fa0b3, org.springframework.boot.test.autoconfigure.web.servlet.WebDriverContextCustomizerFactory$Customizer@6df20ade, org.springframework.boot.test.context.SpringBootTestArgs@1, org.springframework.boot.test.context.SpringBootTestWebEnvironment@ea6147e], resourceBasePath = 'src/main/webapp', contextLoader = 'org.springframework.boot.test.context.SpringBootContextLoader', parent = [null]], attributes = map['org.springframework.test.context.web.ServletTestExecutionListener.activateListener' -> true, 'org.springframework.test.context.web.ServletTestExecutionListener.populatedRequestContextHolder' -> true, 'org.springframework.test.context.web.ServletTestExecutionListener.resetRequestContextHolder' -> true, 'org.springframework.test.context.event.ApplicationEventsTestExecutionListener.recordApplicationEvents' -> false]]
]]></system-out>
  </testcase>
  <testcase name="test_getTransactionById_status_isNotFound_when_transactionDoesNotExist" classname="com.aline.transactionmicroservice.ApiIntegrationTest" time="0.013">
    <error message="Failed to execute SQL script statement #14 of class path resource [scripts/transactions.sql]: insert into transaction (id, type, method, amount, date, account_id, initial_balance, posted_balance, status, merchant_code, state, description) values (1, &apos;WITHDRAWAL&apos;, &apos;ACH&apos;, 10000, &apos;2021-08-01&apos;, 1, 100000, 90000, &apos;APPROVED&apos;, &apos;ALINE&apos;, &apos;POSTED&apos;, &apos;Batman is Bruce Wayne.&apos;); nested exception is org.h2.jdbc.JdbcSQLIntegrityConstraintViolationException: Referential integrity constraint violation: &quot;FKSC1MS700FJXQYQ0J4555UC28A: PUBLIC.TRANSACTION FOREIGN KEY(MERCHANT_CODE) REFERENCES PUBLIC.MERCHANT(CODE) (&apos;ALINE&apos;)&quot;; SQL statement:&#10;insert into transaction (id, type, method, amount, date, account_id, initial_balance, posted_balance, status, merchant_code, state, description) values (1, &apos;WITHDRAWAL&apos;, &apos;ACH&apos;, 10000, &apos;2021-08-01&apos;, 1, 100000, 90000, &apos;APPROVED&apos;, &apos;ALINE&apos;, &apos;POSTED&apos;, &apos;Batman is Bruce Wayne.&apos;) [23506-200]" type="org.springframework.jdbc.datasource.init.ScriptStatementFailedException">org.springframework.jdbc.datasource.init.ScriptStatementFailedException: 
Failed to execute SQL script statement #14 of class path resource [scripts/transactions.sql]: insert into transaction (id, type, method, amount, date, account_id, initial_balance, posted_balance, status, merchant_code, state, description) values (1, 'WITHDRAWAL', 'ACH', 10000, '2021-08-01', 1, 100000, 90000, 'APPROVED', 'ALINE', 'POSTED', 'Batman is Bruce Wayne.'); nested exception is org.h2.jdbc.JdbcSQLIntegrityConstraintViolationException: Referential integrity constraint violation: "FKSC1MS700FJXQYQ0J4555UC28A: PUBLIC.TRANSACTION FOREIGN KEY(MERCHANT_CODE) REFERENCES PUBLIC.MERCHANT(CODE) ('ALINE')"; SQL statement:
insert into transaction (id, type, method, amount, date, account_id, initial_balance, posted_balance, status, merchant_code, state, description) values (1, 'WITHDRAWAL', 'ACH', 10000, '2021-08-01', 1, 100000, 90000, 'APPROVED', 'ALINE', 'POSTED', 'Batman is Bruce Wayne.') [23506-200]
Caused by: org.h2.jdbc.JdbcSQLIntegrityConstraintViolationException: 
Referential integrity constraint violation: "FKSC1MS700FJXQYQ0J4555UC28A: PUBLIC.TRANSACTION FOREIGN KEY(MERCHANT_CODE) REFERENCES PUBLIC.MERCHANT(CODE) ('ALINE')"; SQL statement:
insert into transaction (id, type, method, amount, date, account_id, initial_balance, posted_balance, status, merchant_code, state, description) values (1, 'WITHDRAWAL', 'ACH', 10000, '2021-08-01', 1, 100000, 90000, 'APPROVED', 'ALINE', 'POSTED', 'Batman is Bruce Wayne.') [23506-200]
</error>
    <system-out><![CDATA[2022-01-03 14:21:59.587  INFO 30336 --- [           main] o.s.t.c.transaction.TransactionContext   : Began transaction (1) for test context [DefaultTestContext@7915bca3 testClass = ApiIntegrationTest, testInstance = com.aline.transactionmicroservice.ApiIntegrationTest@6976e66f, testMethod = test_getTransactionById_status_isNotFound_when_transactionDoesNotExist@ApiIntegrationTest, testException = [null], mergedContextConfiguration = [WebMergedContextConfiguration@68d651f2 testClass = ApiIntegrationTest, locations = '{}', classes = '{class com.aline.transactionmicroservice.TransactionMicroserviceApplication}', contextInitializerClasses = '[]', activeProfiles = '{test}', propertySourceLocations = '{}', propertySourceProperties = '{app.security.disable-web-security=true, org.springframework.boot.test.context.SpringBootTestContextBootstrapper=true}', contextCustomizers = set[[ImportsContextCustomizer@3ad4a7d6 key = [org.springframework.boot.test.autoconfigure.web.servlet.MockMvcAutoConfiguration, org.springframework.boot.test.autoconfigure.web.servlet.MockMvcWebClientAutoConfiguration, org.springframework.boot.test.autoconfigure.web.servlet.MockMvcWebDriverAutoConfiguration, org.springframework.boot.autoconfigure.security.oauth2.client.servlet.OAuth2ClientAutoConfiguration, org.springframework.boot.autoconfigure.security.oauth2.resource.servlet.OAuth2ResourceServerAutoConfiguration, org.springframework.boot.autoconfigure.security.servlet.SecurityAutoConfiguration, org.springframework.boot.autoconfigure.security.servlet.SecurityFilterAutoConfiguration, org.springframework.boot.autoconfigure.security.servlet.UserDetailsServiceAutoConfiguration, org.springframework.boot.test.autoconfigure.web.servlet.MockMvcSecurityConfiguration]], org.springframework.boot.test.context.filter.ExcludeFilterContextCustomizer@22175d4f, org.springframework.boot.test.json.DuplicateJsonObjectContextCustomizerFactory$DuplicateJsonObjectContextCustomizer@236ab296, org.springframework.boot.test.mock.mockito.MockitoContextCustomizer@0, org.springframework.boot.test.web.client.TestRestTemplateContextCustomizer@328572f0, org.springframework.boot.test.autoconfigure.actuate.metrics.MetricsExportContextCustomizerFactory$DisableMetricExportContextCustomizer@88a8218, org.springframework.boot.test.autoconfigure.properties.PropertyMappingContextCustomizer@4b3fa0b3, org.springframework.boot.test.autoconfigure.web.servlet.WebDriverContextCustomizerFactory$Customizer@6df20ade, org.springframework.boot.test.context.SpringBootTestArgs@1, org.springframework.boot.test.context.SpringBootTestWebEnvironment@ea6147e], resourceBasePath = 'src/main/webapp', contextLoader = 'org.springframework.boot.test.context.SpringBootContextLoader', parent = [null]], attributes = map['org.springframework.test.context.web.ServletTestExecutionListener.activateListener' -> true, 'org.springframework.test.context.web.ServletTestExecutionListener.populatedRequestContextHolder' -> true, 'org.springframework.test.context.web.ServletTestExecutionListener.resetRequestContextHolder' -> true, 'org.springframework.test.context.event.ApplicationEventsTestExecutionListener.recordApplicationEvents' -> false]]; transaction manager [org.springframework.orm.jpa.JpaTransactionManager@17933d7d]; rollback [true]
2022-01-03 14:21:59.594  WARN 30336 --- [           main] o.s.test.context.TestContextManager      : Caught exception while invoking 'beforeTestMethod' callback on TestExecutionListener [org.springframework.test.context.jdbc.SqlScriptsTestExecutionListener@320a8ebf] for test method [void com.aline.transactionmicroservice.ApiIntegrationTest.test_getTransactionById_status_isNotFound_when_transactionDoesNotExist() throws java.lang.Exception] and test instance [com.aline.transactionmicroservice.ApiIntegrationTest@6976e66f]

org.springframework.jdbc.datasource.init.ScriptStatementFailedException: Failed to execute SQL script statement #14 of class path resource [scripts/transactions.sql]: insert into transaction (id, type, method, amount, date, account_id, initial_balance, posted_balance, status, merchant_code, state, description) values (1, 'WITHDRAWAL', 'ACH', 10000, '2021-08-01', 1, 100000, 90000, 'APPROVED', 'ALINE', 'POSTED', 'Batman is Bruce Wayne.'); nested exception is org.h2.jdbc.JdbcSQLIntegrityConstraintViolationException: Referential integrity constraint violation: "FKSC1MS700FJXQYQ0J4555UC28A: PUBLIC.TRANSACTION FOREIGN KEY(MERCHANT_CODE) REFERENCES PUBLIC.MERCHANT(CODE) ('ALINE')"; SQL statement:
insert into transaction (id, type, method, amount, date, account_id, initial_balance, posted_balance, status, merchant_code, state, description) values (1, 'WITHDRAWAL', 'ACH', 10000, '2021-08-01', 1, 100000, 90000, 'APPROVED', 'ALINE', 'POSTED', 'Batman is Bruce Wayne.') [23506-200]
	at org.springframework.jdbc.datasource.init.ScriptUtils.executeSqlScript(ScriptUtils.java:282) ~[spring-jdbc-5.3.8.jar:5.3.8]
	at org.springframework.jdbc.datasource.init.ResourceDatabasePopulator.populate(ResourceDatabasePopulator.java:254) ~[spring-jdbc-5.3.8.jar:5.3.8]
	at org.springframework.jdbc.datasource.init.DatabasePopulatorUtils.execute(DatabasePopulatorUtils.java:49) ~[spring-jdbc-5.3.8.jar:5.3.8]
	at org.springframework.jdbc.datasource.init.ResourceDatabasePopulator.execute(ResourceDatabasePopulator.java:269) ~[spring-jdbc-5.3.8.jar:5.3.8]
	at org.springframework.test.context.jdbc.SqlScriptsTestExecutionListener.lambda$executeSqlScripts$4(SqlScriptsTestExecutionListener.java:279) ~[spring-test-5.3.8.jar:5.3.8]
	at org.springframework.transaction.support.TransactionOperations.lambda$executeWithoutResult$0(TransactionOperations.java:68) ~[spring-tx-5.3.8.jar:5.3.8]
	at org.springframework.transaction.support.TransactionTemplate.execute(TransactionTemplate.java:140) ~[spring-tx-5.3.8.jar:5.3.8]
	at org.springframework.transaction.support.TransactionOperations.executeWithoutResult(TransactionOperations.java:67) ~[spring-tx-5.3.8.jar:5.3.8]
	at org.springframework.test.context.jdbc.SqlScriptsTestExecutionListener.executeSqlScripts(SqlScriptsTestExecutionListener.java:279) ~[spring-test-5.3.8.jar:5.3.8]
	at org.springframework.test.context.jdbc.SqlScriptsTestExecutionListener.lambda$executeSqlScripts$0(SqlScriptsTestExecutionListener.java:201) ~[spring-test-5.3.8.jar:5.3.8]
	at java.base/java.lang.Iterable.forEach(Iterable.java:75) ~[na:na]
	at org.springframework.test.context.jdbc.SqlScriptsTestExecutionListener.executeSqlScripts(SqlScriptsTestExecutionListener.java:201) ~[spring-test-5.3.8.jar:5.3.8]
	at org.springframework.test.context.jdbc.SqlScriptsTestExecutionListener.executeSqlScripts(SqlScriptsTestExecutionListener.java:148) ~[spring-test-5.3.8.jar:5.3.8]
	at org.springframework.test.context.jdbc.SqlScriptsTestExecutionListener.beforeTestMethod(SqlScriptsTestExecutionListener.java:118) ~[spring-test-5.3.8.jar:5.3.8]
	at org.springframework.test.context.TestContextManager.beforeTestMethod(TestContextManager.java:289) ~[spring-test-5.3.8.jar:5.3.8]
	at org.springframework.test.context.junit.jupiter.SpringExtension.beforeEach(SpringExtension.java:174) ~[spring-test-5.3.8.jar:5.3.8]
	at org.junit.jupiter.engine.descriptor.TestMethodTestDescriptor.lambda$invokeBeforeEachCallbacks$1(TestMethodTestDescriptor.java:159) ~[junit-jupiter-engine-5.7.2.jar:5.7.2]
	at org.junit.jupiter.engine.descriptor.TestMethodTestDescriptor.lambda$invokeBeforeMethodsOrCallbacksUntilExceptionOccurs$5(TestMethodTestDescriptor.java:195) ~[junit-jupiter-engine-5.7.2.jar:5.7.2]
	at org.junit.platform.engine.support.hierarchical.ThrowableCollector.execute(ThrowableCollector.java:73) ~[junit-platform-engine-1.7.2.jar:1.7.2]
	at org.junit.jupiter.engine.descriptor.TestMethodTestDescriptor.invokeBeforeMethodsOrCallbacksUntilExceptionOccurs(TestMethodTestDescriptor.java:195) ~[junit-jupiter-engine-5.7.2.jar:5.7.2]
	at org.junit.jupiter.engine.descriptor.TestMethodTestDescriptor.invokeBeforeEachCallbacks(TestMethodTestDescriptor.java:158) ~[junit-jupiter-engine-5.7.2.jar:5.7.2]
	at org.junit.jupiter.engine.descriptor.TestMethodTestDescriptor.execute(TestMethodTestDescriptor.java:125) ~[junit-jupiter-engine-5.7.2.jar:5.7.2]
	at org.junit.jupiter.engine.descriptor.TestMethodTestDescriptor.execute(TestMethodTestDescriptor.java:65) ~[junit-jupiter-engine-5.7.2.jar:5.7.2]
	at org.junit.platform.engine.support.hierarchical.NodeTestTask.lambda$executeRecursively$5(NodeTestTask.java:139) ~[junit-platform-engine-1.7.2.jar:1.7.2]
	at org.junit.platform.engine.support.hierarchical.ThrowableCollector.execute(ThrowableCollector.java:73) ~[junit-platform-engine-1.7.2.jar:1.7.2]
	at org.junit.platform.engine.support.hierarchical.NodeTestTask.lambda$executeRecursively$7(NodeTestTask.java:129) ~[junit-platform-engine-1.7.2.jar:1.7.2]
	at org.junit.platform.engine.support.hierarchical.Node.around(Node.java:137) ~[junit-platform-engine-1.7.2.jar:1.7.2]
[...]
2022-01-03 14:21:59.739  WARN 30336 --- [           main] o.s.test.context.TestContextManager      : Caught exception while invoking 'beforeTestMethod' callback on TestExecutionListener [org.springframework.test.context.jdbc.SqlScriptsTestExecutionListener@16e9fc1f] for test method [void com.aline.transactionmicroservice.ApiIntegrationTest$SearchTransactionsTest.test_searchTransactionsByAccountId_status_is_ok_correctAmount() throws java.lang.Exception] and test instance [com.aline.transactionmicroservice.ApiIntegrationTest$SearchTransactionsTest@456a9421]

org.springframework.jdbc.datasource.init.ScriptStatementFailedException: Failed to execute SQL script statement #14 of class path resource [scripts/transactions.sql]: insert into transaction (id, type, method, amount, date, account_id, initial_balance, posted_balance, status, merchant_code, state, description) values (1, 'WITHDRAWAL', 'ACH', 10000, '2021-08-01', 1, 100000, 90000, 'APPROVED', 'ALINE', 'POSTED', 'Batman is Bruce Wayne.'); nested exception is org.h2.jdbc.JdbcSQLIntegrityConstraintViolationException: Referential integrity constraint violation: "FKSC1MS700FJXQYQ0J4555UC28A: PUBLIC.TRANSACTION FOREIGN KEY(MERCHANT_CODE) REFERENCES PUBLIC.MERCHANT(CODE) ('ALINE')"; SQL statement:
insert into transaction (id, type, method, amount, date, account_id, initial_balance, posted_balance, status, merchant_code, state, description) values (1, 'WITHDRAWAL', 'ACH', 10000, '2021-08-01', 1, 100000, 90000, 'APPROVED', 'ALINE', 'POSTED', 'Batman is Bruce Wayne.') [23506-200]
	at org.springframework.jdbc.datasource.init.ScriptUtils.executeSqlScript(ScriptUtils.java:282) ~[spring-jdbc-5.3.8.jar:5.3.8]
	at org.springframework.jdbc.datasource.init.ResourceDatabasePopulator.populate(ResourceDatabasePopulator.java:254) ~[spring-jdbc-5.3.8.jar:5.3.8]
	at org.springframework.jdbc.datasource.init.DatabasePopulatorUtils.execute(DatabasePopulatorUtils.java:49) ~[spring-jdbc-5.3.8.jar:5.3.8]
	at org.springframework.jdbc.datasource.init.ResourceDatabasePopulator.execute(ResourceDatabasePopulator.java:269) ~[spring-jdbc-5.3.8.jar:5.3.8]
	at org.springframework.test.context.jdbc.SqlScriptsTestExecutionListener.lambda$executeSqlScripts$4(SqlScriptsTestExecutionListener.java:279) ~[spring-test-5.3.8.jar:5.3.8]
	at org.springframework.transaction.support.TransactionOperations.lambda$executeWithoutResult$0(TransactionOperations.java:68) ~[spring-tx-5.3.8.jar:5.3.8]
	at org.springframework.transaction.support.TransactionTemplate.execute(TransactionTemplate.java:140) ~[spring-tx-5.3.8.jar:5.3.8]
	at org.springframework.transaction.support.TransactionOperations.executeWithoutResult(TransactionOperations.java:67) ~[spring-tx-5.3.8.jar:5.3.8]
	at org.springframework.test.context.jdbc.SqlScriptsTestExecutionListener.executeSqlScripts(SqlScriptsTestExecutionListener.java:279) ~[spring-test-5.3.8.jar:5.3.8]
	at org.springframework.test.context.jdbc.SqlScriptsTestExecutionListener.lambda$executeSqlScripts$0(SqlScriptsTestExecutionListener.java:201) ~[spring-test-5.3.8.jar:5.3.8]
	at java.base/java.lang.Iterable.forEach(Iterable.java:75) ~[na:na]
	at org.springframework.test.context.jdbc.SqlScriptsTestExecutionListener.executeSqlScripts(SqlScriptsTestExecutionListener.java:201) ~[spring-test-5.3.8.jar:5.3.8]
	at org.springframework.test.context.jdbc.SqlScriptsTestExecutionListener.executeSqlScripts(SqlScriptsTestExecutionListener.java:148) ~[spring-test-5.3.8.jar:5.3.8]
	at org.springframework.test.context.jdbc.SqlScriptsTestExecutionListener.beforeTestMethod(SqlScriptsTestExecutionListener.java:118) ~[spring-test-5.3.8.jar:5.3.8]
	at org.springframework.test.context.TestContextManager.beforeTestMethod(TestContextManager.java:289) ~[spring-test-5.3.8.jar:5.3.8]
	at org.springframework.test.context.junit.jupiter.SpringExtension.beforeEach(SpringExtension.java:174) ~[spring-test-5.3.8.jar:5.3.8]
	at org.junit.jupiter.engine.descriptor.TestMethodTestDescriptor.lambda$invokeBeforeEachCallbacks$1(TestMethodTestDescriptor.java:159) ~[junit-jupiter-engine-5.7.2.jar:5.7.2]
	at org.junit.jupiter.engine.descriptor.TestMethodTestDescriptor.lambda$invokeBeforeMethodsOrCallbacksUntilExceptionOccurs$5(TestMethodTestDescriptor.java:195) ~[junit-jupiter-engine-5.7.2.jar:5.7.2]
	at org.junit.platform.engine.support.hierarchical.ThrowableCollector.execute(ThrowableCollector.java:73) ~[junit-platform-engine-1.7.2.jar:1.7.2]
	at org.junit.jupiter.engine.descriptor.TestMethodTestDescriptor.invokeBeforeMethodsOrCallbacksUntilExceptionOccurs(TestMethodTestDescriptor.java:195) ~[junit-jupiter-engine-5.7.2.jar:5.7.2]
	at org.junit.jupiter.engine.descriptor.TestMethodTestDescriptor.invokeBeforeEachCallbacks(TestMethodTestDescriptor.java:158) ~[junit-jupiter-engine-5.7.2.jar:5.7.2]
	at org.junit.jupiter.engine.descriptor.TestMethodTestDescriptor.execute(TestMethodTestDescriptor.java:125) ~[junit-jupiter-engine-5.7.2.jar:5.7.2]
	at org.junit.jupiter.engine.descriptor.TestMethodTestDescriptor.execute(TestMethodTestDescriptor.java:65) ~[junit-jupiter-engine-5.7.2.jar:5.7.2]
	at org.junit.platform.engine.support.hierarchical.NodeTestTask.lambda$executeRecursively$5(NodeTestTask.java:139) ~[junit-platform-engine-1.7.2.jar:1.7.2]
	at org.junit.platform.engine.support.hierarchical.ThrowableCollector.execute(ThrowableCollector.java:73) ~[junit-platform-engine-1.7.2.jar:1.7.2]
	at org.junit.platform.engine.support.hierarchical.NodeTestTask.lambda$executeRecursively$7(NodeTestTask.java:129) ~[junit-platform-engine-1.7.2.jar:1.7.2]
	at org.junit.platform.engine.support.hierarchical.Node.around(Node.java:137) ~[junit-platform-engine-1.7.2.jar:1.7.2]
	at org.junit.platform.engine.support.hierarchical.NodeTestTask.lambda$executeRecursively$8(NodeTestTask.java:127) ~[junit-platform-engine-1.7.2.jar:1.7.2]
	at org.junit.platform.engine.support.hierarchical.ThrowableCollector.execute(ThrowableCollector.java:73) ~[junit-platform-engine-1.7.2.jar:1.7.2]
	at org.junit.platform.engine.support.hierarchical.NodeTestTask.executeRecursively(NodeTestTask.java:126) ~[junit-platform-engine-1.7.2.jar:1.7.2]
	at org.junit.platform.engine.support.hierarchical.NodeTestTask.execute(NodeTestTask.java:84) ~[junit-platform-engine-1.7.2.jar:1.7.2]
	at java.base/java.util.ArrayList.forEach(ArrayList.java:1511) ~[na:na]
	at org.junit.platform.engine.support.hierarchical.SameThreadHierarchicalTestExecutorService.invokeAll(SameThreadHierarchicalTestExecutorService.java:38) ~[junit-platform-engine-1.7.2.jar:1.7.2]
	at org.junit.platform.engine.support.hierarchical.NodeTestTask.lambda$executeRecursively$5(NodeTestTask.java:143) ~[junit-platform-engine-1.7.2.jar:1.7.2]
	at org.junit.platform.engine.support.hierarchical.ThrowableCollector.execute(ThrowableCollector.java:73) ~[junit-platform-engine-1.7.2.jar:1.7.2]
	at org.junit.platform.engine.support.hierarchical.NodeTestTask.lambda$executeRecursively$7(NodeTestTask.java:129) ~[junit-platform-engine-1.7.2.jar:1.7.2]
	at org.junit.platform.engine.support.hierarchical.Node.around(Node.java:137) ~[junit-platform-engine-1.7.2.jar:1.7.2]
	at org.junit.platform.engine.support.hierarchical.NodeTestTask.lambda$executeRecursively$8(NodeTestTask.java:127) ~[junit-platform-engine-1.7.2.jar:1.7.2]
	at org.junit.platform.engine.support.hierarchical.ThrowableCollector.execute(ThrowableCollector.java:73) ~[junit-platform-engine-1.7.2.jar:1.7.2]
	at org.junit.platform.engine.support.hierarchical.NodeTestTask.executeRecursively(NodeTestTask.java:126) ~[junit-platform-engine-1.7.2.jar:1.7.2]
	at org.junit.platform.engine.support.hierarchical.NodeTestTask.execute(NodeTestTask.java:84) ~[junit-platform-engine-1.7.2.jar:1.7.2]
	at java.base/java.util.ArrayList.forEach(ArrayList.java:1511) ~[na:na]
	at org.junit.platform.engine.support.hierarchical.SameThreadHierarchicalTestExecutorService.invokeAll(SameThreadHierarchicalTestExecutorService.java:38) ~[junit-platform-engine-1.7.2.jar:1.7.2]
	at org.junit.platform.engine.support.hierarchical.NodeTestTask.lambda$executeRecursively$5(NodeTestTask.java:143) ~[junit-platform-engine-1.7.2.jar:1.7.2]
	at org.junit.platform.engine.support.hierarchical.ThrowableCollector.execute(ThrowableCollector.java:73) ~[junit-platform-engine-1.7.2.jar:1.7.2]
	at org.junit.platform.engine.support.hierarchical.NodeTestTask.lambda$executeRecursively$7(NodeTestTask.java:129) ~[junit-platform-engine-1.7.2.jar:1.7.2]
	at org.junit.platform.engine.support.hierarchical.Node.around(Node.java:137) ~[junit-platform-engine-1.7.2.jar:1.7.2]
	at org.junit.platform.engine.support.hierarchical.NodeTestTask.lambda$executeRecursively$8(NodeTestTask.java:127) ~[junit-platform-engine-1.7.2.jar:1.7.2]
	at org.junit.platform.engine.support.hierarchical.ThrowableCollector.execute(ThrowableCollector.java:73) ~[junit-platform-engine-1.7.2.jar:1.7.2]
	at org.junit.platform.engine.support.hierarchical.NodeTestTask.executeRecursively(NodeTestTask.java:126) ~[junit-platform-engine-1.7.2.jar:1.7.2]
	at org.junit.platform.engine.support.hierarchical.NodeTestTask.execute(NodeTestTask.java:84) ~[junit-platform-engine-1.7.2.jar:1.7.2]
	at java.base/java.util.ArrayList.forEach(ArrayList.java:1511) ~[na:na]
	at org.junit.platform.engine.support.hierarchical.SameThreadHierarchicalTestExecutorService.invokeAll(SameThreadHierarchicalTestExecutorService.java:38) ~[junit-platform-engine-1.7.2.jar:1.7.2]
	at org.junit.platform.engine.support.hierarchical.NodeTestTask.lambda$executeRecursively$5(NodeTestTask.java:143) ~[junit-platform-engine-1.7.2.jar:1.7.2]
	at org.junit.platform.engine.support.hierarchical.ThrowableCollector.execute(ThrowableCollector.java:73) ~[junit-platform-engine-1.7.2.jar:1.7.2]
	at org.junit.platform.engine.support.hierarchical.NodeTestTask.lambda$executeRecursively$7(NodeTestTask.java:129) ~[junit-platform-engine-1.7.2.jar:1.7.2]
	at org.junit.platform.engine.support.hierarchical.Node.around(Node.java:137) ~[junit-platform-engine-1.7.2.jar:1.7.2]
	at org.junit.platform.engine.support.hierarchical.NodeTestTask.lambda$executeRecursively$8(NodeTestTask.java:127) ~[junit-platform-engine-1.7.2.jar:1.7.2]
	at org.junit.platform.engine.support.hierarchical.ThrowableCollector.execute(ThrowableCollector.java:73) ~[junit-platform-engine-1.7.2.jar:1.7.2]
	at org.junit.platform.engine.support.hierarchical.NodeTestTask.executeRecursively(NodeTestTask.java:126) ~[junit-platform-engine-1.7.2.jar:1.7.2]
	at org.junit.platform.engine.support.hierarchical.NodeTestTask.execute(NodeTestTask.java:84) ~[junit-platform-engine-1.7.2.jar:1.7.2]
	at org.junit.platform.engine.support.hierarchical.SameThreadHierarchicalTestExecutorService.submit(SameThreadHierarchicalTestExecutorService.java:32) ~[junit-platform-engine-1.7.2.jar:1.7.2]
	at org.junit.platform.engine.support.hierarchical.HierarchicalTestExecutor.execute(HierarchicalTestExecutor.java:57) ~[junit-platform-engine-1.7.2.jar:1.7.2]
	at org.junit.platform.engine.support.hierarchical.HierarchicalTestEngine.execute(HierarchicalTestEngine.java:51) ~[junit-platform-engine-1.7.2.jar:1.7.2]
	at org.junit.platform.launcher.core.DefaultLauncher.execute(DefaultLauncher.java:220) ~[junit-platform-launcher-1.3.1.jar:1.3.1]
	at org.junit.platform.launcher.core.DefaultLauncher.lambda$execute$6(DefaultLauncher.java:188) ~[junit-platform-launcher-1.3.1.jar:1.3.1]
	at org.junit.platform.launcher.core.DefaultLauncher.withInterceptedStreams(DefaultLauncher.java:202) ~[junit-platform-launcher-1.3.1.jar:1.3.1]
	at org.junit.platform.launcher.core.DefaultLauncher.execute(DefaultLauncher.java:181) ~[junit-platform-launcher-1.3.1.jar:1.3.1]
	at org.junit.platform.launcher.core.DefaultLauncher.execute(DefaultLauncher.java:128) ~[junit-platform-launcher-1.3.1.jar:1.3.1]
	at org.apache.maven.surefire.junitplatform.JUnitPlatformProvider.invokeAllTests(JUnitPlatformProvider.java:150) ~[surefire-junit-platform-2.22.2.jar:2.22.2]
	at org.apache.maven.surefire.junitplatform.JUnitPlatformProvider.invoke(JUnitPlatformProvider.java:124) ~[surefire-junit-platform-2.22.2.jar:2.22.2]
	at org.apache.maven.surefire.booter.ForkedBooter.invokeProviderInSameClassLoader(ForkedBooter.java:384) ~[surefire-booter-2.22.2.jar:2.22.2]
	at org.apache.maven.surefire.booter.ForkedBooter.runSuitesInProcess(ForkedBooter.java:345) ~[surefire-booter-2.22.2.jar:2.22.2]
	at org.apache.maven.surefire.booter.ForkedBooter.execute(ForkedBooter.java:126) ~[surefire-booter-2.22.2.jar:2.22.2]
	at org.apache.maven.surefire.booter.ForkedBooter.main(ForkedBooter.java:418) ~[surefire-booter-2.22.2.jar:2.22.2]
Caused by: org.h2.jdbc.JdbcSQLIntegrityConstraintViolationException: Referential integrity constraint violation: "FKSC1MS700FJXQYQ0J4555UC28A: PUBLIC.TRANSACTION FOREIGN KEY(MERCHANT_CODE) REFERENCES PUBLIC.MERCHANT(CODE) ('ALINE')"; SQL statement:
insert into transaction (id, type, method, amount, date, account_id, initial_balance, posted_balance, status, merchant_code, state, description) values (1, 'WITHDRAWAL', 'ACH', 10000, '2021-08-01', 1, 100000, 90000, 'APPROVED', 'ALINE', 'POSTED', 'Batman is Bruce Wayne.') [23506-200]
	at org.h2.message.DbException.getJdbcSQLException(DbException.java:459) ~[h2-1.4.200.jar:1.4.200]
	at org.h2.message.DbException.getJdbcSQLException(DbException.java:429) ~[h2-1.4.200.jar:1.4.200]
	at org.h2.message.DbException.get(DbException.java:205) ~[h2-1.4.200.jar:1.4.200]
	at org.h2.message.DbException.get(DbException.java:181) ~[h2-1.4.200.jar:1.4.200]
	at org.h2.constraint.ConstraintReferential.checkRowOwnTable(ConstraintReferential.java:319) ~[h2-1.4.200.jar:1.4.200]
	at org.h2.constraint.ConstraintReferential.checkRow(ConstraintReferential.java:261) ~[h2-1.4.200.jar:1.4.200]
	at org.h2.table.Table.fireConstraints(Table.java:1057) ~[h2-1.4.200.jar:1.4.200]
	at org.h2.table.Table.fireAfterRow(Table.java:1075) ~[h2-1.4.200.jar:1.4.200]
	at org.h2.command.dml.Insert.insertRows(Insert.java:211) ~[h2-1.4.200.jar:1.4.200]
	at org.h2.command.dml.Insert.update(Insert.java:151) ~[h2-1.4.200.jar:1.4.200]
	at org.h2.command.CommandContainer.update(CommandContainer.java:198) ~[h2-1.4.200.jar:1.4.200]
	at org.h2.command.Command.executeUpdate(Command.java:251) ~[h2-1.4.200.jar:1.4.200]
	at org.h2.jdbc.JdbcStatement.executeInternal(JdbcStatement.java:228) ~[h2-1.4.200.jar:1.4.200]
	at org.h2.jdbc.JdbcStatement.execute(JdbcStatement.java:201) ~[h2-1.4.200.jar:1.4.200]
	at com.zaxxer.hikari.pool.ProxyStatement.execute(ProxyStatement.java:95) ~[HikariCP-3.4.5.jar:na]
	at com.zaxxer.hikari.pool.HikariProxyStatement.execute(HikariProxyStatement.java) ~[HikariCP-3.4.5.jar:na]
	at org.springframework.jdbc.datasource.init.ScriptUtils.executeSqlScript(ScriptUtils.java:261) ~[spring-jdbc-5.3.8.jar:5.3.8]
	... 74 common frames omitted

2022-01-03 14:21:59.743  INFO 30336 --- [           main] o.s.t.c.transaction.TransactionContext   : Rolled back transaction for test: [DefaultTestContext@3f0f7a4f testClass = ApiIntegrationTest.SearchTransactionsTest, testInstance = com.aline.transactionmicroservice.ApiIntegrationTest$SearchTransactionsTest@456a9421, testMethod = test_searchTransactionsByAccountId_status_is_ok_correctAmount@ApiIntegrationTest.SearchTransactionsTest, testException = org.springframework.jdbc.datasource.init.ScriptStatementFailedException: Failed to execute SQL script statement #14 of class path resource [scripts/transactions.sql]: insert into transaction (id, type, method, amount, date, account_id, initial_balance, posted_balance, status, merchant_code, state, description) values (1, 'WITHDRAWAL', 'ACH', 10000, '2021-08-01', 1, 100000, 90000, 'APPROVED', 'ALINE', 'POSTED', 'Batman is Bruce Wayne.'); nested exception is org.h2.jdbc.JdbcSQLIntegrityConstraintViolationException: Referential integrity constraint violation: "FKSC1MS700FJXQYQ0J4555UC28A: PUBLIC.TRANSACTION FOREIGN KEY(MERCHANT_CODE) REFERENCES PUBLIC.MERCHANT(CODE) ('ALINE')"; SQL statement:
insert into transaction (id, type, method, amount, date, account_id, initial_balance, posted_balance, status, merchant_code, state, description) values (1, 'WITHDRAWAL', 'ACH', 10000, '2021-08-01', 1, 100000, 90000, 'APPROVED', 'ALINE', 'POSTED', 'Batman is Bruce Wayne.') [23506-200], mergedContextConfiguration = [WebMergedContextConfiguration@8c9b3cf testClass = ApiIntegrationTest.SearchTransactionsTest, locations = '{}', classes = '{class com.aline.transactionmicroservice.TransactionMicroserviceApplication}', contextInitializerClasses = '[]', activeProfiles = '{test}', propertySourceLocations = '{}', propertySourceProperties = '{app.security.disable-web-security=true, org.springframework.boot.test.context.SpringBootTestContextBootstrapper=true}', contextCustomizers = set[[ImportsContextCustomizer@2f0d47d6 key = [org.springframework.boot.test.autoconfigure.web.servlet.MockMvcAutoConfiguration, org.springframework.boot.test.autoconfigure.web.servlet.MockMvcWebClientAutoConfiguration, org.springframework.boot.test.autoconfigure.web.servlet.MockMvcWebDriverAutoConfiguration, org.springframework.boot.autoconfigure.security.oauth2.client.servlet.OAuth2ClientAutoConfiguration, org.springframework.boot.autoconfigure.security.oauth2.resource.servlet.OAuth2ResourceServerAutoConfiguration, org.springframework.boot.autoconfigure.security.servlet.SecurityAutoConfiguration, org.springframework.boot.autoconfigure.security.servlet.SecurityFilterAutoConfiguration, org.springframework.boot.autoconfigure.security.servlet.UserDetailsServiceAutoConfiguration, org.springframework.boot.test.autoconfigure.web.servlet.MockMvcSecurityConfiguration]], org.springframework.boot.test.context.filter.ExcludeFilterContextCustomizer@22175d4f, org.springframework.boot.test.json.DuplicateJsonObjectContextCustomizerFactory$DuplicateJsonObjectContextCustomizer@236ab296, org.springframework.boot.test.mock.mockito.MockitoContextCustomizer@0, org.springframework.boot.test.web.client.TestRestTemplateContextCustomizer@328572f0, org.springframework.boot.test.autoconfigure.actuate.metrics.MetricsExportContextCustomizerFactory$DisableMetricExportContextCustomizer@88a8218, org.springframework.boot.test.autoconfigure.properties.PropertyMappingContextCustomizer@4b3fa0b3, org.springframework.boot.test.autoconfigure.web.servlet.WebDriverContextCustomizerFactory$Customizer@6df20ade, org.springframework.boot.test.context.SpringBootTestArgs@1, org.springframework.boot.test.context.SpringBootTestWebEnvironment@ea6147e], resourceBasePath = 'src/main/webapp', contextLoader = 'org.springframework.boot.test.context.SpringBootContextLoader', parent = [null]], attributes = map['org.springframework.test.context.web.ServletTestExecutionListener.activateListener' -> true, 'org.springframework.test.context.web.ServletTestExecutionListener.populatedRequestContextHolder' -> true, 'org.springframework.test.context.web.ServletTestExecutionListener.resetRequestContextHolder' -> true, 'org.springframework.test.context.event.ApplicationEventsTestExecutionListener.recordApplicationEvents' -> false]]
]]></system-out>
  </testcase>
</testsuite>